#
# There is insufficient memory for the Java Runtime Environment to continue.
# Native memory allocation (malloc) failed to allocate 722080 bytes for Chunk::new
# Possible reasons:
#   The system is out of physical RAM or swap space
#   In 32 bit mode, the process size limit was hit
# Possible solutions:
#   Reduce memory load on the system
#   Increase physical memory or swap space
#   Check if swap backing store is full
#   Use 64 bit Java on a 64 bit OS
#   Decrease Java heap size (-Xmx/-Xms)
#   Decrease number of Java threads
#   Decrease Java thread stack sizes (-Xss)
#   Set larger code cache with -XX:ReservedCodeCacheSize=
# This output file may be truncated or incomplete.
#
#  Out of Memory Error (allocation.cpp:390), pid=28932, tid=0x0000000000002ebc
#
# JRE version: OpenJDK Runtime Environment (8.0_152-b02) (build 1.8.0_152-release-1024-b02)
# Java VM: OpenJDK 64-Bit Server VM (25.152-b02 mixed mode windows-amd64 compressed oops)
# Failed to write core dump. Minidumps are not enabled by default on client versions of Windows
#

---------------  T H R E A D  ---------------

Current thread (0x000000001805c800):  JavaThread "C2 CompilerThread2" daemon [_thread_in_native, id=11964, stack(0x00000000188e0000,0x00000000189e0000)]

Stack: [0x00000000188e0000,0x00000000189e0000]
[error occurred during error reporting (printing stack bounds), id 0xc0000005]

Native frames: (J=compiled Java code, j=interpreted, Vv=VM code, C=native code)


Current CompileTask:
C2:   1405 1182       4       com.android.dx.dex.code.OutputFinisher::addConstants (93 bytes)


---------------  P R O C E S S  ---------------

Java Threads: ( => current thread )
  0x0000000018082800 JavaThread "Service Thread" daemon [_thread_blocked, id=21988, stack(0x0000000018ae0000,0x0000000018be0000)]
  0x000000001805d800 JavaThread "C1 CompilerThread3" daemon [_thread_blocked, id=10148, stack(0x00000000189e0000,0x0000000018ae0000)]
=>0x000000001805c800 JavaThread "C2 CompilerThread2" daemon [_thread_in_native, id=11964, stack(0x00000000188e0000,0x00000000189e0000)]
  0x000000001608d000 JavaThread "C2 CompilerThread1" daemon [_thread_blocked, id=20524, stack(0x00000000187e0000,0x00000000188e0000)]
  0x0000000017fba000 JavaThread "C2 CompilerThread0" daemon [_thread_blocked, id=23032, stack(0x00000000186e0000,0x00000000187e0000)]
  0x0000000017fb9000 JavaThread "Attach Listener" daemon [_thread_blocked, id=8840, stack(0x00000000185e0000,0x00000000186e0000)]
  0x0000000018010800 JavaThread "Signal Dispatcher" daemon [_thread_blocked, id=14664, stack(0x00000000184e0000,0x00000000185e0000)]
  0x0000000017fa0800 JavaThread "Finalizer" daemon [_thread_blocked, id=8996, stack(0x0000000018380000,0x0000000018480000)]
  0x0000000003558800 JavaThread "Reference Handler" daemon [_thread_blocked, id=10052, stack(0x0000000017e80000,0x0000000017f80000)]
  0x0000000002ffd800 JavaThread "main" [_thread_in_vm, id=29368, stack(0x0000000003360000,0x0000000003460000)]

Other Threads:
  0x0000000016077000 VMThread [stack: 0x0000000017d80000,0x0000000017e80000] [id=28820]
  0x0000000018083000 WatcherThread [stack: 0x0000000018be0000,0x0000000018ce0000] [id=6472]

VM state:not at safepoint (normal execution)

VM Mutex/Monitor currently owned by a thread: None

Heap:
 PSYoungGen      total 38400K, used 30004K [0x00000000eab00000, 0x00000000ed580000, 0x0000000100000000)
  eden space 33280K, 90% used [0x00000000eab00000,0x00000000ec84d388,0x00000000ecb80000)
  from space 5120K, 0% used [0x00000000ed080000,0x00000000ed080000,0x00000000ed580000)
  to   space 5120K, 0% used [0x00000000ecb80000,0x00000000ecb80000,0x00000000ed080000)
 ParOldGen       total 87552K, used 0K [0x00000000c0000000, 0x00000000c5580000, 0x00000000eab00000)
  object space 87552K, 0% used [0x00000000c0000000,0x00000000c0000000,0x00000000c5580000)
 Metaspace       used 6418K, capacity 7192K, committed 7424K, reserved 1056768K
  class space    used 623K, capacity 656K, committed 768K, reserved 1048576K

Card table byte_map: [0x0000000012920000,0x0000000012b30000] byte_map_base: 0x0000000012320000

Marking Bits: (ParMarkBitMap*) 0x0000000069524970
 Begin Bits: [0x0000000013490000, 0x0000000014490000)
 End Bits:   [0x0000000014490000, 0x0000000015490000)

Polling page: 0x0000000001250000

CodeCache: size=245760Kb used=5377Kb max_used=5377Kb free=240382Kb
 bounds [0x0000000003560000, 0x0000000003ab0000, 0x0000000012560000]
 total_blobs=1694 nmethods=1425 adapters=183
 compilation: enabled

Compilation events (10 events):
Event: 1.340 Thread 0x000000001805d800 1423       1       com.android.dx.rop.cst.CstString::getBytes (5 bytes)
Event: 1.340 Thread 0x000000001805d800 nmethod 1423 0x0000000003a95190 code [0x0000000003a952e0, 0x0000000003a953f0]
Event: 1.340 Thread 0x000000001805d800 1424       3       com.android.dx.dex.file.StringDataItem::writeTo0 (103 bytes)
Event: 1.341 Thread 0x000000001805d800 nmethod 1424 0x0000000003aa1fd0 code [0x0000000003aa2300, 0x0000000003aa3c68]
Event: 1.341 Thread 0x000000001805d800 1421       3       com.android.dx.util.ByteArrayAnnotatedOutput::assertCursor (48 bytes)
Event: 1.341 Thread 0x000000001805d800 nmethod 1421 0x0000000003aa49d0 code [0x0000000003aa4be0, 0x0000000003aa5658]
Event: 1.341 Thread 0x000000001805d800 1425       3       com.android.dx.util.ByteArrayAnnotatedOutput::write (61 bytes)
Event: 1.342 Thread 0x000000001805d800 nmethod 1425 0x0000000003aa5b10 code [0x0000000003aa5cc0, 0x0000000003aa6188]
Event: 1.342 Thread 0x000000001805d800 1426       3       com.android.dx.util.ByteArray::getBytes (39 bytes)
Event: 1.342 Thread 0x000000001805d800 nmethod 1426 0x0000000003aa6390 code [0x0000000003aa6520, 0x0000000003aa6878]

GC Heap History (0 events):
No events

Deoptimization events (10 events):
Event: 1.228 Thread 0x0000000002ffd800 Uncommon trap: reason=speculate_class_check action=maybe_recompile pc=0x0000000003932028 method=com.android.dx.util.FixedSizeList.equals(Ljava/lang/Object;)Z @ 25
Event: 1.228 Thread 0x0000000002ffd800 Uncommon trap: reason=class_check action=maybe_recompile pc=0x00000000038fa32c method=java.util.Arrays.equals([Ljava/lang/Object;[Ljava/lang/Object;)Z @ 62
Event: 1.228 Thread 0x0000000002ffd800 Uncommon trap: reason=speculate_class_check action=maybe_recompile pc=0x0000000003932028 method=com.android.dx.util.FixedSizeList.equals(Ljava/lang/Object;)Z @ 25
Event: 1.228 Thread 0x0000000002ffd800 Uncommon trap: reason=class_check action=maybe_recompile pc=0x00000000038fa32c method=java.util.Arrays.equals([Ljava/lang/Object;[Ljava/lang/Object;)Z @ 62
Event: 1.228 Thread 0x0000000002ffd800 Uncommon trap: reason=speculate_class_check action=maybe_recompile pc=0x0000000003932028 method=com.android.dx.util.FixedSizeList.equals(Ljava/lang/Object;)Z @ 25
Event: 1.228 Thread 0x0000000002ffd800 Uncommon trap: reason=class_check action=maybe_recompile pc=0x00000000038fa32c method=java.util.Arrays.equals([Ljava/lang/Object;[Ljava/lang/Object;)Z @ 62
Event: 1.228 Thread 0x0000000002ffd800 Uncommon trap: reason=speculate_class_check action=maybe_recompile pc=0x0000000003932028 method=com.android.dx.util.FixedSizeList.equals(Ljava/lang/Object;)Z @ 25
Event: 1.228 Thread 0x0000000002ffd800 Uncommon trap: reason=class_check action=maybe_recompile pc=0x00000000038fa32c method=java.util.Arrays.equals([Ljava/lang/Object;[Ljava/lang/Object;)Z @ 62
Event: 1.264 Thread 0x0000000002ffd800 Uncommon trap: reason=unstable_if action=reinterpret pc=0x0000000003a337c0 method=com.android.dx.dex.code.OutputFinisher.findOpcodeForInsn(Lcom/android/dx/dex/code/DalvInsn;Lcom/android/dx/dex/code/Dop;)Lcom/android/dx/dex/code/Dop; @ 1
Event: 1.312 Thread 0x0000000002ffd800 Uncommon trap: reason=unstable_if action=reinterpret pc=0x0000000003a77844 method=com.android.dx.util.ByteArrayAnnotatedOutput.writeByte(I)V @ 13

Classes redefined (0 events):
No events

Internal exceptions (4 events):
Event: 0.061 Thread 0x0000000002ffd800 Exception <a 'java/lang/NoSuchMethodError': Method sun.misc.Unsafe.defineClass(Ljava/lang/String;[BII)Ljava/lang/Class; name or signature does not match> (0x00000000eab07ca8) thrown at [D:\src\AOSP-openjdk-cygwin\jdk8u\hotspot\src\share\vm\prims\jni.cpp, 
Event: 0.061 Thread 0x0000000002ffd800 Exception <a 'java/lang/NoSuchMethodError': Method sun.misc.Unsafe.prefetchRead(Ljava/lang/Object;J)V name or signature does not match> (0x00000000eab07f90) thrown at [D:\src\AOSP-openjdk-cygwin\jdk8u\hotspot\src\share\vm\prims\jni.cpp, line 4011]
Event: 0.715 Thread 0x000000001828b000 Implicit null exception at 0x000000000385444a to 0x00000000038569b9
Event: 0.762 Thread 0x000000001828b000 Implicit null exception at 0x00000000038497e2 to 0x00000000038498da

Events (10 events):
Event: 1.399 loading class sun/security/jca/ProviderList
Event: 1.399 loading class sun/security/jca/ProviderList done
Event: 1.399 loading class sun/security/jca/ProviderConfig
Event: 1.400 loading class sun/security/jca/ProviderConfig done
Event: 1.400 loading class java/security/Provider
Event: 1.400 loading class java/security/Provider done
Event: 1.400 loading class sun/security/jca/ProviderList$3
Event: 1.400 loading class sun/security/jca/ProviderList$3 done
Event: 1.400 loading class sun/security/jca/ProviderList$1
Event: 1.400 loading class sun/security/jca/ProviderList$1 done


Dynamic libraries:
0x00007ff735980000 - 0x00007ff7359b1000 	C:\Android\Android Studio\jre\bin\java.exe
0x00007ffdf9490000 - 0x00007ffdf9671000 	C:\WINDOWS\SYSTEM32\ntdll.dll
0x00007ffdf8740000 - 0x00007ffdf87f2000 	C:\WINDOWS\System32\KERNEL32.DLL
0x00007ffdf6490000 - 0x00007ffdf6703000 	C:\WINDOWS\System32\KERNELBASE.dll
0x00007ffdf8b60000 - 0x00007ffdf8c01000 	C:\WINDOWS\System32\ADVAPI32.dll
0x00007ffdf6ac0000 - 0x00007ffdf6b5e000 	C:\WINDOWS\System32\msvcrt.dll
0x00007ffdf8580000 - 0x00007ffdf85db000 	C:\WINDOWS\System32\sechost.dll
0x00007ffdf9280000 - 0x00007ffdf93a4000 	C:\WINDOWS\System32\RPCRT4.dll
0x00007ffdf8960000 - 0x00007ffdf8af0000 	C:\WINDOWS\System32\USER32.dll
0x00007ffdf6710000 - 0x00007ffdf6730000 	C:\WINDOWS\System32\win32u.dll
0x00007ffdf9190000 - 0x00007ffdf91b8000 	C:\WINDOWS\System32\GDI32.dll
0x00007ffdf62f0000 - 0x00007ffdf6482000 	C:\WINDOWS\System32\gdi32full.dll
0x00007ffdf6150000 - 0x00007ffdf61ef000 	C:\WINDOWS\System32\msvcp_win.dll
0x00007ffdf61f0000 - 0x00007ffdf62ea000 	C:\WINDOWS\System32\ucrtbase.dll
0x00007ffdeb320000 - 0x00007ffdeb589000 	C:\WINDOWS\WinSxS\amd64_microsoft.windows.common-controls_6595b64144ccf1df_6.0.17134.228_none_fb4599993062b194\COMCTL32.dll
0x00007ffdf8cb0000 - 0x00007ffdf8fd3000 	C:\WINDOWS\System32\combase.dll
0x00007ffdf5960000 - 0x00007ffdf59da000 	C:\WINDOWS\System32\bcryptPrimitives.dll
0x00007ffdf9430000 - 0x00007ffdf945d000 	C:\WINDOWS\System32\IMM32.DLL
0x000000006ac60000 - 0x000000006ad32000 	C:\Android\Android Studio\jre\jre\bin\msvcr100.dll
0x0000000068d60000 - 0x000000006959f000 	C:\Android\Android Studio\jre\jre\bin\server\jvm.dll
0x00007ffdf8800000 - 0x00007ffdf8808000 	C:\WINDOWS\System32\PSAPI.DLL
0x00007ffde9910000 - 0x00007ffde9919000 	C:\WINDOWS\SYSTEM32\WSOCK32.dll
0x00007ffdf8af0000 - 0x00007ffdf8b5c000 	C:\WINDOWS\System32\WS2_32.dll
0x00007ffded770000 - 0x00007ffded793000 	C:\WINDOWS\SYSTEM32\WINMM.dll
0x00007ffdebad0000 - 0x00007ffdebada000 	C:\WINDOWS\SYSTEM32\VERSION.dll
0x00007ffded740000 - 0x00007ffded76a000 	C:\WINDOWS\SYSTEM32\WINMMBASE.dll
0x00007ffdf5910000 - 0x00007ffdf5959000 	C:\WINDOWS\System32\cfgmgr32.dll
0x00007ffdf2ac0000 - 0x00007ffdf2acf000 	C:\Android\Android Studio\jre\jre\bin\verify.dll
0x00007ffdf1870000 - 0x00007ffdf1899000 	C:\Android\Android Studio\jre\jre\bin\java.dll
0x00007ffdf1850000 - 0x00007ffdf1866000 	C:\Android\Android Studio\jre\jre\bin\zip.dll
0x00007ffdf7140000 - 0x00007ffdf8580000 	C:\WINDOWS\System32\SHELL32.dll
0x00007ffdf91d0000 - 0x00007ffdf9279000 	C:\WINDOWS\System32\shcore.dll
0x00007ffdf59e0000 - 0x00007ffdf60ed000 	C:\WINDOWS\System32\windows.storage.dll
0x00007ffdf9040000 - 0x00007ffdf9091000 	C:\WINDOWS\System32\shlwapi.dll
0x00007ffdf5830000 - 0x00007ffdf5841000 	C:\WINDOWS\System32\kernel.appcore.dll
0x00007ffdf57c0000 - 0x00007ffdf57df000 	C:\WINDOWS\System32\profapi.dll
0x00007ffdf57e0000 - 0x00007ffdf582c000 	C:\WINDOWS\System32\powrprof.dll
0x00007ffdf5850000 - 0x00007ffdf585a000 	C:\WINDOWS\System32\FLTLIB.DLL

VM Arguments:
jvm_args: -Djava.awt.headless=true -Xmx1024M -Dfile.encoding=GBK -Duser.country=CN -Duser.language=zh -Duser.variant 
java_command: com.android.dx.command.Main --dex --num-threads=4 --output C:\Android\workspace\MyApp\app\build\intermediates\pre-dexed\debug\eventbus-2.4.0_050bb259c505abbfb7dad16bbbf31809ae771135.jar C:\Android\workspace\MyApp\app\src\main\libs\eventbus-2.4.0.jar
java_class_path (initial): C:\Android\sdk\build-tools\25.0.0\lib\dx.jar
Launcher Type: SUN_STANDARD

Environment Variables:
JAVA_HOME=C:\Program Files\Java\jdk1.8.0_20
CLASSPATH=.;C:\Program Files\Java\jdk1.8.0_20\lib\dt.jar;C:\Program Files\Java\jdk1.8.0_20\lib\tools.jar;
PATH=C:\Program Files (x86)\Common Files\Oracle\Java\javapath;C:\ProgramData\Oracle\Java\javapath;C:\WINDOWS\system32;C:\WINDOWS;C:\WINDOWS\System32\Wbem;C:\WINDOWS\System32\WindowsPowerShell\v1.0\;C:\Program Files\Java\jdk1.8.0_20\bin;C:\Program Files\Java\jdk1.8.0_20\jre\bin;C:\Program Files\Git\cmd;C:\WINDOWS\System32\OpenSSH\;C:\Users\Åôì÷\AppData\Local\Microsoft\WindowsApps;
USERNAME=Åôì÷
OS=Windows_NT
PROCESSOR_IDENTIFIER=Intel64 Family 6 Model 60 Stepping 3, GenuineIntel



---------------  S Y S T E M  ---------------

OS: Windows 10.0 , 64 bit Build 17134 (10.0.17134.1)

CPU:total 8 (initial active 8) (4 cores per cpu, 2 threads per core) family 6 model 60 stepping 3, cmov, cx8, fxsr, mmx, sse, sse2, sse3, ssse3, sse4.1, sse4.2, popcnt, avx, avx2, aes, clmul, erms, lzcnt, ht, tsc, tscinvbit, bmi1, bmi2

Memory: 4k page, physical 8312856k(1592292k free), swap 10410008k(776k free)

vm_info: OpenJDK 64-Bit Server VM (25.152-b02) for windows-amd64 JRE (1.8.0_152-release-1024-b02), built by "builder" with MS VC++ 10.0 (VS2010)

time: Fri Aug 24 17:09:31 2018
elapsed time: 1 seconds (0d 0h 0m 1s)

