#
# There is insufficient memory for the Java Runtime Environment to continue.
# Native memory allocation (malloc) failed to allocate 1048576 bytes for AllocateHeap
# Possible reasons:
#   The system is out of physical RAM or swap space
#   In 32 bit mode, the process size limit was hit
# Possible solutions:
#   Reduce memory load on the system
#   Increase physical memory or swap space
#   Check if swap backing store is full
#   Use 64 bit Java on a 64 bit OS
#   Decrease Java heap size (-Xmx/-Xms)
#   Decrease number of Java threads
#   Decrease Java thread stack sizes (-Xss)
#   Set larger code cache with -XX:ReservedCodeCacheSize=
# This output file may be truncated or incomplete.
#
#  Out of Memory Error (memory/allocation.inline.hpp:61), pid=3088, tid=0x0000000000001b04
#
# JRE version:  (8.0_152-b02) (build )
# Java VM: OpenJDK 64-Bit Server VM (25.152-b02 mixed mode windows-amd64 compressed oops)
# Failed to write core dump. Minidumps are not enabled by default on client versions of Windows
#

---------------  T H R E A D  ---------------

Current thread (0x0000000002d0d800):  JavaThread "Unknown thread" [_thread_in_vm, id=6916, stack(0x0000000002bc0000,0x0000000002cc0000)]

Stack: [0x0000000002bc0000,0x0000000002cc0000]
[error occurred during error reporting (printing stack bounds), id 0xc0000005]

Native frames: (J=compiled Java code, j=interpreted, Vv=VM code, C=native code)


---------------  P R O C E S S  ---------------

Java Threads: ( => current thread )

Other Threads:

=>0x0000000002d0d800 (exited) JavaThread "Unknown thread" [_thread_in_vm, id=6916, stack(0x0000000002bc0000,0x0000000002cc0000)]

VM state:not at safepoint (normal execution)

VM Mutex/Monitor currently owned by a thread: None

Heap:
 PSYoungGen      total 38400K, used 665K [0x00000000eab00000, 0x00000000ed580000, 0x0000000100000000)
  eden space 33280K, 2% used [0x00000000eab00000,0x00000000eaba6670,0x00000000ecb80000)
  from space 5120K, 0% used [0x00000000ed080000,0x00000000ed080000,0x00000000ed580000)
  to   space 5120K, 0% used [0x00000000ecb80000,0x00000000ecb80000,0x00000000ed080000)
 ParOldGen       total 87552K, used 0K [0x00000000c0000000, 0x00000000c5580000, 0x00000000eab00000)
  object space 87552K, 0% used [0x00000000c0000000,0x00000000c0000000,0x00000000c5580000)
 Metaspace       used 772K, capacity 4480K, committed 4480K, reserved 1056768K
  class space    used 73K, capacity 384K, committed 384K, reserved 1048576K

Card table byte_map: [0x00000000121d0000,0x00000000123e0000] byte_map_base: 0x0000000011bd0000

Marking Bits: (ParMarkBitMap*) 0x0000000068124970
 Begin Bits: [0x0000000012d40000, 0x0000000013d40000)
 End Bits:   [0x0000000013d40000, 0x0000000014d40000)

Polling page: 0x0000000000e80000

CodeCache: size=245760Kb used=328Kb max_used=328Kb free=245431Kb
 bounds [0x0000000002e10000, 0x0000000003080000, 0x0000000011e10000]
 total_blobs=57 nmethods=0 adapters=38
 compilation: enabled

Compilation events (0 events):
No events

GC Heap History (0 events):
No events

Deoptimization events (0 events):
No events

Classes redefined (0 events):
No events

Internal exceptions (0 events):
No events

Events (10 events):
Event: 0.028 loading class java/lang/Short
Event: 0.028 loading class java/lang/Short done
Event: 0.028 loading class java/lang/Integer
Event: 0.028 loading class java/lang/Integer done
Event: 0.028 loading class java/lang/Long
Event: 0.028 loading class java/lang/Long done
Event: 0.029 loading class java/lang/NullPointerException
Event: 0.029 loading class java/lang/NullPointerException done
Event: 0.029 loading class java/lang/ArithmeticException
Event: 0.029 loading class java/lang/ArithmeticException done


Dynamic libraries:
0x00007ff628130000 - 0x00007ff628161000 	C:\Android\Android Studio\jre\bin\java.exe
0x00007ffdb89d0000 - 0x00007ffdb8bb1000 	C:\WINDOWS\SYSTEM32\ntdll.dll
0x00007ffdb81d0000 - 0x00007ffdb8282000 	C:\WINDOWS\System32\KERNEL32.DLL
0x00007ffdb5680000 - 0x00007ffdb58f3000 	C:\WINDOWS\System32\KERNELBASE.dll
0x00007ffdb6200000 - 0x00007ffdb62a1000 	C:\WINDOWS\System32\ADVAPI32.dll
0x00007ffdb5e60000 - 0x00007ffdb5efe000 	C:\WINDOWS\System32\msvcrt.dll
0x00007ffdb8170000 - 0x00007ffdb81cb000 	C:\WINDOWS\System32\sechost.dll
0x00007ffdb5f30000 - 0x00007ffdb6054000 	C:\WINDOWS\System32\RPCRT4.dll
0x00007ffdb6400000 - 0x00007ffdb6590000 	C:\WINDOWS\System32\USER32.dll
0x00007ffdb4e40000 - 0x00007ffdb4e60000 	C:\WINDOWS\System32\win32u.dll
0x00007ffdb5f00000 - 0x00007ffdb5f28000 	C:\WINDOWS\System32\GDI32.dll
0x00007ffdb5cc0000 - 0x00007ffdb5e52000 	C:\WINDOWS\System32\gdi32full.dll
0x00007ffdb4da0000 - 0x00007ffdb4e3f000 	C:\WINDOWS\System32\msvcp_win.dll
0x00007ffdb5bc0000 - 0x00007ffdb5cba000 	C:\WINDOWS\System32\ucrtbase.dll
0x00007ffda9390000 - 0x00007ffda95f9000 	C:\WINDOWS\WinSxS\amd64_microsoft.windows.common-controls_6595b64144ccf1df_6.0.17134.165_none_fb429645306569ac\COMCTL32.dll
0x00007ffdb8570000 - 0x00007ffdb8893000 	C:\WINDOWS\System32\combase.dll
0x00007ffdb5900000 - 0x00007ffdb597a000 	C:\WINDOWS\System32\bcryptPrimitives.dll
0x00007ffdb6600000 - 0x00007ffdb662d000 	C:\WINDOWS\System32\IMM32.DLL
0x0000000068f20000 - 0x0000000068ff2000 	C:\Android\Android Studio\jre\jre\bin\msvcr100.dll
0x0000000067960000 - 0x000000006819f000 	C:\Android\Android Studio\jre\jre\bin\server\jvm.dll
0x00007ffdb8560000 - 0x00007ffdb8568000 	C:\WINDOWS\System32\PSAPI.DLL
0x00007ffd9cb50000 - 0x00007ffd9cb59000 	C:\WINDOWS\SYSTEM32\WSOCK32.dll
0x00007ffdb8920000 - 0x00007ffdb898c000 	C:\WINDOWS\System32\WS2_32.dll
0x00007ffdb2f50000 - 0x00007ffdb2f73000 	C:\WINDOWS\SYSTEM32\WINMM.dll
0x00007ffdb2e00000 - 0x00007ffdb2e2a000 	C:\WINDOWS\SYSTEM32\winmmbase.dll
0x00007ffdb5980000 - 0x00007ffdb59c9000 	C:\WINDOWS\System32\cfgmgr32.dll
0x00007ffdac980000 - 0x00007ffdac98a000 	C:\WINDOWS\SYSTEM32\VERSION.dll
0x00007ffdb00b0000 - 0x00007ffdb00bf000 	C:\Android\Android Studio\jre\jre\bin\verify.dll
0x00007ffda9db0000 - 0x00007ffda9dd9000 	C:\Android\Android Studio\jre\jre\bin\java.dll
0x00007ffdab210000 - 0x00007ffdab226000 	C:\Android\Android Studio\jre\jre\bin\zip.dll

VM Arguments:
jvm_args: -Djava.awt.headless=true -Xmx1024M -Dfile.encoding=GBK -Duser.country=CN -Duser.language=zh -Duser.variant 
java_command: com.android.dx.command.Main --dex --num-threads=4 --output C:\Android\workspace\MyApp\app\build\intermediates\pre-dexed\debug\fastjson-1.2.37_679050ccbe4886755d952019137ba464af4f92cd.jar C:\Users\Åôì÷\.gradle\caches\modules-2\files-2.1\com.alibaba\fastjson\1.2.37\748cbf698e77f2df5061500a79a22e1f479dfec2\fastjson-1.2.37.jar
java_class_path (initial): C:\Android\sdk\build-tools\25.0.0\lib\dx.jar
Launcher Type: SUN_STANDARD

Environment Variables:
JAVA_HOME=C:\Program Files\Java\jdk1.8.0_20
CLASSPATH=.;C:\Program Files\Java\jdk1.8.0_20\lib\dt.jar;C:\Program Files\Java\jdk1.8.0_20\lib\tools.jar;
PATH=C:\Program Files (x86)\Common Files\Oracle\Java\javapath;C:\ProgramData\Oracle\Java\javapath;C:\WINDOWS\system32;C:\WINDOWS;C:\WINDOWS\System32\Wbem;C:\WINDOWS\System32\WindowsPowerShell\v1.0\;C:\Program Files\Java\jdk1.8.0_20\bin;C:\Program Files\Java\jdk1.8.0_20\jre\bin;C:\Program Files\Git\cmd;C:\WINDOWS\System32\OpenSSH\;C:\Users\Åôì÷\AppData\Local\Microsoft\WindowsApps;
USERNAME=Åôì÷
OS=Windows_NT
PROCESSOR_IDENTIFIER=Intel64 Family 6 Model 60 Stepping 3, GenuineIntel



---------------  S Y S T E M  ---------------

OS: Windows 10.0 , 64 bit Build 17134 (10.0.17134.1)

CPU:total 8 (initial active 8) (4 cores per cpu, 2 threads per core) family 6 model 60 stepping 3, cmov, cx8, fxsr, mmx, sse, sse2, sse3, ssse3, sse4.1, sse4.2, popcnt, avx, avx2, aes, clmul, erms, lzcnt, ht, tsc, tscinvbit, bmi1, bmi2

Memory: 4k page, physical 8312856k(1561428k free), swap 10410008k(5324k free)

vm_info: OpenJDK 64-Bit Server VM (25.152-b02) for windows-amd64 JRE (1.8.0_152-release-1024-b02), built by "builder" with MS VC++ 10.0 (VS2010)

time: Wed Aug 15 18:11:57 2018
elapsed time: 0 seconds (0d 0h 0m 0s)

