#
# There is insufficient memory for the Java Runtime Environment to continue.
# Native memory allocation (malloc) failed to allocate 100656 bytes for Chunk::new
# Possible reasons:
#   The system is out of physical RAM or swap space
#   In 32 bit mode, the process size limit was hit
# Possible solutions:
#   Reduce memory load on the system
#   Increase physical memory or swap space
#   Check if swap backing store is full
#   Use 64 bit Java on a 64 bit OS
#   Decrease Java heap size (-Xmx/-Xms)
#   Decrease number of Java threads
#   Decrease Java thread stack sizes (-Xss)
#   Set larger code cache with -XX:ReservedCodeCacheSize=
# This output file may be truncated or incomplete.
#
#  Out of Memory Error (allocation.cpp:390), pid=11196, tid=0x0000000000002d70
#
# JRE version: OpenJDK Runtime Environment (8.0_152-b02) (build 1.8.0_152-release-1024-b02)
# Java VM: OpenJDK 64-Bit Server VM (25.152-b02 mixed mode windows-amd64 compressed oops)
# Failed to write core dump. Minidumps are not enabled by default on client versions of Windows
#

---------------  T H R E A D  ---------------

Current thread (0x0000000017461000):  JavaThread "C2 CompilerThread1" daemon [_thread_in_native, id=11632, stack(0x0000000017bd0000,0x0000000017cd0000)]

Stack: [0x0000000017bd0000,0x0000000017cd0000]
[error occurred during error reporting (printing stack bounds), id 0xc0000005]

Native frames: (J=compiled Java code, j=interpreted, Vv=VM code, C=native code)


Current CompileTask:
C2:    561  579       4       com.android.dx.ssa.SsaBasicBlock::forEachInsn (37 bytes)


---------------  P R O C E S S  ---------------

Java Threads: ( => current thread )
  0x00000000176e2000 JavaThread "pool-1-thread-4" [_thread_blocked, id=12704, stack(0x00000000184d0000,0x00000000185d0000)]
  0x00000000176e0000 JavaThread "pool-1-thread-3" [_thread_in_Java, id=20644, stack(0x00000000183d0000,0x00000000184d0000)]
  0x00000000175fd800 JavaThread "pool-1-thread-2" [_thread_blocked, id=29008, stack(0x00000000182d0000,0x00000000183d0000)]
  0x00000000175fc000 JavaThread "pool-2-thread-1" [_thread_blocked, id=21436, stack(0x00000000181d0000,0x00000000182d0000)]
  0x00000000175f1800 JavaThread "pool-1-thread-1" [_thread_in_Java, id=2816, stack(0x00000000180d0000,0x00000000181d0000)]
  0x00000000174fb800 JavaThread "Service Thread" daemon [_thread_blocked, id=12408, stack(0x0000000017ed0000,0x0000000017fd0000)]
  0x000000001746c800 JavaThread "C1 CompilerThread3" daemon [_thread_in_native, id=19224, stack(0x0000000017dd0000,0x0000000017ed0000)]
  0x0000000017467800 JavaThread "C2 CompilerThread2" daemon [_thread_in_native, id=14304, stack(0x0000000017cd0000,0x0000000017dd0000)]
=>0x0000000017461000 JavaThread "C2 CompilerThread1" daemon [_thread_in_native, id=11632, stack(0x0000000017bd0000,0x0000000017cd0000)]
  0x000000001740a000 JavaThread "C2 CompilerThread0" daemon [_thread_in_native, id=5824, stack(0x0000000017ad0000,0x0000000017bd0000)]
  0x0000000017408800 JavaThread "Attach Listener" daemon [_thread_blocked, id=15740, stack(0x00000000179d0000,0x0000000017ad0000)]
  0x0000000017460000 JavaThread "Signal Dispatcher" daemon [_thread_blocked, id=9684, stack(0x00000000178d0000,0x00000000179d0000)]
  0x00000000173f0800 JavaThread "Finalizer" daemon [_thread_blocked, id=8396, stack(0x00000000177d0000,0x00000000178d0000)]
  0x00000000029c7800 JavaThread "Reference Handler" daemon [_thread_blocked, id=10352, stack(0x00000000172d0000,0x00000000173d0000)]
  0x00000000028cd800 JavaThread "main" [_thread_blocked, id=27868, stack(0x0000000002720000,0x0000000002820000)]

Other Threads:
  0x00000000154e7000 VMThread [stack: 0x00000000171d0000,0x00000000172d0000] [id=6268]
  0x00000000174fc800 WatcherThread [stack: 0x0000000017fd0000,0x00000000180d0000] [id=29140]

VM state:not at safepoint (normal execution)

VM Mutex/Monitor currently owned by a thread: None

Heap:
 PSYoungGen      total 38400K, used 16664K [0x00000000eab00000, 0x00000000ed580000, 0x0000000100000000)
  eden space 33280K, 50% used [0x00000000eab00000,0x00000000ebb46280,0x00000000ecb80000)
  from space 5120K, 0% used [0x00000000ed080000,0x00000000ed080000,0x00000000ed580000)
  to   space 5120K, 0% used [0x00000000ecb80000,0x00000000ecb80000,0x00000000ed080000)
 ParOldGen       total 87552K, used 0K [0x00000000c0000000, 0x00000000c5580000, 0x00000000eab00000)
  object space 87552K, 0% used [0x00000000c0000000,0x00000000c0000000,0x00000000c5580000)
 Metaspace       used 5777K, capacity 6640K, committed 6784K, reserved 1056768K
  class space    used 585K, capacity 616K, committed 640K, reserved 1048576K

Card table byte_map: [0x0000000011d90000,0x0000000011fa0000] byte_map_base: 0x0000000011790000

Marking Bits: (ParMarkBitMap*) 0x0000000069524970
 Begin Bits: [0x0000000012900000, 0x0000000013900000)
 End Bits:   [0x0000000013900000, 0x0000000014900000)

Polling page: 0x00000000005f0000

CodeCache: size=245760Kb used=2661Kb max_used=2667Kb free=243098Kb
 bounds [0x00000000029d0000, 0x0000000002c70000, 0x00000000119d0000]
 total_blobs=958 nmethods=686 adapters=182
 compilation: enabled

Compilation events (10 events):
Event: 0.558 Thread 0x000000001746c800 nmethod 704 0x0000000002c60d50 code [0x0000000002c61040, 0x0000000002c62f08]
Event: 0.558 Thread 0x000000001746c800  710       3       java.util.BitSet::or (105 bytes)
Event: 0.558 Thread 0x000000001740a000 nmethod 691 0x0000000002c63e10 code [0x0000000002c63f80, 0x0000000002c644f8]
Event: 0.558 Thread 0x000000001740a000  705       4       java.util.Arrays::copyOf (46 bytes)
Event: 0.558 Thread 0x000000001746c800 nmethod 710 0x0000000002c5a150 code [0x0000000002c5a300, 0x0000000002c5a848]
Event: 0.558 Thread 0x000000001746c800  702       3       com.android.dx.ssa.SsaMethod::onSourcesChanged (69 bytes)
Event: 0.559 Thread 0x000000001746c800 nmethod 702 0x0000000002c5f850 code [0x0000000002c5fa60, 0x0000000002c60678]
Event: 0.559 Thread 0x000000001746c800  706       3       com.android.dx.ssa.LiteralOpUpgrader::access$000 (6 bytes)
Event: 0.559 Thread 0x000000001746c800 nmethod 706 0x0000000002c5f490 code [0x0000000002c5f600, 0x0000000002c5f768]
Event: 0.559 Thread 0x000000001746c800  707       3       com.android.dx.ssa.LiteralOpUpgrader::tryReplacingWithConstant (161 bytes)

GC Heap History (0 events):
No events

Deoptimization events (2 events):
Event: 0.489 Thread 0x00000000175fd800 Uncommon trap: reason=unstable_if action=reinterpret pc=0x0000000002bd56f0 method=java.util.BitSet.nextSetBit(I)I @ 87
Event: 0.491 Thread 0x00000000175fd800 Uncommon trap: reason=unstable_if action=reinterpret pc=0x0000000002bd21a0 method=java.util.HashMap.getNode(ILjava/lang/Object;)Ljava/util/HashMap$Node; @ 129

Classes redefined (0 events):
No events

Internal exceptions (2 events):
Event: 0.059 Thread 0x00000000028cd800 Exception <a 'java/lang/NoSuchMethodError': Method sun.misc.Unsafe.defineClass(Ljava/lang/String;[BII)Ljava/lang/Class; name or signature does not match> (0x00000000eab07ca8) thrown at [D:\src\AOSP-openjdk-cygwin\jdk8u\hotspot\src\share\vm\prims\jni.cpp, 
Event: 0.059 Thread 0x00000000028cd800 Exception <a 'java/lang/NoSuchMethodError': Method sun.misc.Unsafe.prefetchRead(Ljava/lang/Object;J)V name or signature does not match> (0x00000000eab07f90) thrown at [D:\src\AOSP-openjdk-cygwin\jdk8u\hotspot\src\share\vm\prims\jni.cpp, line 4011]

Events (10 events):
Event: 0.488 loading class java/util/DualPivotQuicksort
Event: 0.488 loading class com/android/dx/dex/file/MethodAnnotationStruct
Event: 0.488 loading class com/android/dx/dex/file/MethodAnnotationStruct done
Event: 0.488 loading class java/util/DualPivotQuicksort done
Event: 0.489 Thread 0x00000000175fd800 Uncommon trap: trap_request=0xffffff65 fr.pc=0x0000000002bd56f0
Event: 0.489 Thread 0x00000000175fd800 DEOPT PACKING pc=0x0000000002bd56f0 sp=0x00000000183cec00
Event: 0.489 Thread 0x00000000175fd800 DEOPT UNPACKING pc=0x0000000002a1557b sp=0x00000000183ceb98 mode 2
Event: 0.491 Thread 0x00000000175fd800 Uncommon trap: trap_request=0xffffff65 fr.pc=0x0000000002bd21a0
Event: 0.491 Thread 0x00000000175fd800 DEOPT PACKING pc=0x0000000002bd21a0 sp=0x00000000183ce5b0
Event: 0.491 Thread 0x00000000175fd800 DEOPT UNPACKING pc=0x0000000002a1557b sp=0x00000000183ce528 mode 2


Dynamic libraries:
0x00007ff735980000 - 0x00007ff7359b1000 	C:\Android\Android Studio\jre\bin\java.exe
0x00007ffdf9490000 - 0x00007ffdf9671000 	C:\WINDOWS\SYSTEM32\ntdll.dll
0x00007ffdf8740000 - 0x00007ffdf87f2000 	C:\WINDOWS\System32\KERNEL32.DLL
0x00007ffdf6490000 - 0x00007ffdf6703000 	C:\WINDOWS\System32\KERNELBASE.dll
0x00007ffdf8b60000 - 0x00007ffdf8c01000 	C:\WINDOWS\System32\ADVAPI32.dll
0x00007ffdf6ac0000 - 0x00007ffdf6b5e000 	C:\WINDOWS\System32\msvcrt.dll
0x00007ffdf8580000 - 0x00007ffdf85db000 	C:\WINDOWS\System32\sechost.dll
0x00007ffdf9280000 - 0x00007ffdf93a4000 	C:\WINDOWS\System32\RPCRT4.dll
0x00007ffdf8960000 - 0x00007ffdf8af0000 	C:\WINDOWS\System32\USER32.dll
0x00007ffdf6710000 - 0x00007ffdf6730000 	C:\WINDOWS\System32\win32u.dll
0x00007ffdf9190000 - 0x00007ffdf91b8000 	C:\WINDOWS\System32\GDI32.dll
0x00007ffdf62f0000 - 0x00007ffdf6482000 	C:\WINDOWS\System32\gdi32full.dll
0x00007ffdf6150000 - 0x00007ffdf61ef000 	C:\WINDOWS\System32\msvcp_win.dll
0x00007ffdf61f0000 - 0x00007ffdf62ea000 	C:\WINDOWS\System32\ucrtbase.dll
0x00007ffdeb320000 - 0x00007ffdeb589000 	C:\WINDOWS\WinSxS\amd64_microsoft.windows.common-controls_6595b64144ccf1df_6.0.17134.228_none_fb4599993062b194\COMCTL32.dll
0x00007ffdf8cb0000 - 0x00007ffdf8fd3000 	C:\WINDOWS\System32\combase.dll
0x00007ffdf5960000 - 0x00007ffdf59da000 	C:\WINDOWS\System32\bcryptPrimitives.dll
0x00007ffdf9430000 - 0x00007ffdf945d000 	C:\WINDOWS\System32\IMM32.DLL
0x000000006ac60000 - 0x000000006ad32000 	C:\Android\Android Studio\jre\jre\bin\msvcr100.dll
0x0000000068d60000 - 0x000000006959f000 	C:\Android\Android Studio\jre\jre\bin\server\jvm.dll
0x00007ffdf8800000 - 0x00007ffdf8808000 	C:\WINDOWS\System32\PSAPI.DLL
0x00007ffde9910000 - 0x00007ffde9919000 	C:\WINDOWS\SYSTEM32\WSOCK32.dll
0x00007ffded770000 - 0x00007ffded793000 	C:\WINDOWS\SYSTEM32\WINMM.dll
0x00007ffdebad0000 - 0x00007ffdebada000 	C:\WINDOWS\SYSTEM32\VERSION.dll
0x00007ffdf8af0000 - 0x00007ffdf8b5c000 	C:\WINDOWS\System32\WS2_32.dll
0x00007ffded740000 - 0x00007ffded76a000 	C:\WINDOWS\SYSTEM32\winmmbase.dll
0x00007ffdf5910000 - 0x00007ffdf5959000 	C:\WINDOWS\System32\cfgmgr32.dll
0x00007ffdf2ac0000 - 0x00007ffdf2acf000 	C:\Android\Android Studio\jre\jre\bin\verify.dll
0x00007ffdf1870000 - 0x00007ffdf1899000 	C:\Android\Android Studio\jre\jre\bin\java.dll
0x00007ffdf1850000 - 0x00007ffdf1866000 	C:\Android\Android Studio\jre\jre\bin\zip.dll
0x00007ffdf7140000 - 0x00007ffdf8580000 	C:\WINDOWS\System32\SHELL32.dll
0x00007ffdf91d0000 - 0x00007ffdf9279000 	C:\WINDOWS\System32\shcore.dll
0x00007ffdf59e0000 - 0x00007ffdf60ed000 	C:\WINDOWS\System32\windows.storage.dll
0x00007ffdf9040000 - 0x00007ffdf9091000 	C:\WINDOWS\System32\shlwapi.dll
0x00007ffdf5830000 - 0x00007ffdf5841000 	C:\WINDOWS\System32\kernel.appcore.dll
0x00007ffdf57c0000 - 0x00007ffdf57df000 	C:\WINDOWS\System32\profapi.dll
0x00007ffdf57e0000 - 0x00007ffdf582c000 	C:\WINDOWS\System32\powrprof.dll
0x00007ffdf5850000 - 0x00007ffdf585a000 	C:\WINDOWS\System32\FLTLIB.DLL

VM Arguments:
jvm_args: -Djava.awt.headless=true -Xmx1024M -Dfile.encoding=GBK -Duser.country=CN -Duser.language=zh -Duser.variant 
java_command: com.android.dx.command.Main --dex --num-threads=4 --output C:\Android\workspace\MyApp\app\build\intermediates\pre-dexed\debug\eventbus-2.4.0_050bb259c505abbfb7dad16bbbf31809ae771135.jar C:\Android\workspace\MyApp\app\src\main\libs\eventbus-2.4.0.jar
java_class_path (initial): C:\Android\sdk\build-tools\25.0.0\lib\dx.jar
Launcher Type: SUN_STANDARD

Environment Variables:
JAVA_HOME=C:\Program Files\Java\jdk1.8.0_20
CLASSPATH=.;C:\Program Files\Java\jdk1.8.0_20\lib\dt.jar;C:\Program Files\Java\jdk1.8.0_20\lib\tools.jar;
PATH=C:\Program Files (x86)\Common Files\Oracle\Java\javapath;C:\ProgramData\Oracle\Java\javapath;C:\WINDOWS\system32;C:\WINDOWS;C:\WINDOWS\System32\Wbem;C:\WINDOWS\System32\WindowsPowerShell\v1.0\;C:\Program Files\Java\jdk1.8.0_20\bin;C:\Program Files\Java\jdk1.8.0_20\jre\bin;C:\Program Files\Git\cmd;C:\WINDOWS\System32\OpenSSH\;C:\Users\Åôì÷\AppData\Local\Microsoft\WindowsApps;
USERNAME=Åôì÷
OS=Windows_NT
PROCESSOR_IDENTIFIER=Intel64 Family 6 Model 60 Stepping 3, GenuineIntel



---------------  S Y S T E M  ---------------

OS: Windows 10.0 , 64 bit Build 17134 (10.0.17134.1)

CPU:total 8 (initial active 8) (4 cores per cpu, 2 threads per core) family 6 model 60 stepping 3, cmov, cx8, fxsr, mmx, sse, sse2, sse3, ssse3, sse4.1, sse4.2, popcnt, avx, avx2, aes, clmul, erms, lzcnt, ht, tsc, tscinvbit, bmi1, bmi2

Memory: 4k page, physical 8312856k(1587420k free), swap 10410008k(5196k free)

vm_info: OpenJDK 64-Bit Server VM (25.152-b02) for windows-amd64 JRE (1.8.0_152-release-1024-b02), built by "builder" with MS VC++ 10.0 (VS2010)

time: Fri Aug 24 17:11:35 2018
elapsed time: 0 seconds (0d 0h 0m 0s)

