#
# There is insufficient memory for the Java Runtime Environment to continue.
# Native memory allocation (malloc) failed to allocate 32744 bytes for ChunkPool::allocate
# Possible reasons:
#   The system is out of physical RAM or swap space
#   In 32 bit mode, the process size limit was hit
# Possible solutions:
#   Reduce memory load on the system
#   Increase physical memory or swap space
#   Check if swap backing store is full
#   Use 64 bit Java on a 64 bit OS
#   Decrease Java heap size (-Xmx/-Xms)
#   Decrease number of Java threads
#   Decrease Java thread stack sizes (-Xss)
#   Set larger code cache with -XX:ReservedCodeCacheSize=
# This output file may be truncated or incomplete.
#
#  Out of Memory Error (allocation.cpp:273), pid=12768, tid=0x0000000000006c90
#
# JRE version: OpenJDK Runtime Environment (8.0_152-b02) (build 1.8.0_152-release-1024-b02)
# Java VM: OpenJDK 64-Bit Server VM (25.152-b02 mixed mode windows-amd64 compressed oops)
# Failed to write core dump. Minidumps are not enabled by default on client versions of Windows
#

---------------  T H R E A D  ---------------

Current thread (0x00000000179f4800):  JavaThread "C1 CompilerThread3" daemon [_thread_in_native, id=27792, stack(0x0000000018470000,0x0000000018570000)]

Stack: [0x0000000018470000,0x0000000018570000]
[error occurred during error reporting (printing stack bounds), id 0xc0000005]

Native frames: (J=compiled Java code, j=interpreted, Vv=VM code, C=native code)


Current CompileTask:
C1:   1351 1679   !   2       com.android.dx.cf.code.Ropper::convert (52 bytes)


---------------  P R O C E S S  ---------------

Java Threads: ( => current thread )
  0x00000000187c7000 JavaThread "pool-1-thread-2" [_thread_in_Java, id=7356, stack(0x0000000019170000,0x0000000019270000)]
  0x0000000017c61800 JavaThread "pool-2-thread-1" [_thread_blocked, id=25552, stack(0x0000000019070000,0x0000000019170000)]
  0x00000000179fa800 JavaThread "Service Thread" daemon [_thread_blocked, id=17308, stack(0x0000000018570000,0x0000000018670000)]
=>0x00000000179f4800 JavaThread "C1 CompilerThread3" daemon [_thread_in_native, id=27792, stack(0x0000000018470000,0x0000000018570000)]
  0x00000000179f3800 JavaThread "C2 CompilerThread2" daemon [_thread_in_native, id=23520, stack(0x0000000018370000,0x0000000018470000)]
  0x00000000179ed800 JavaThread "C2 CompilerThread1" daemon [_thread_in_native, id=5864, stack(0x0000000018270000,0x0000000018370000)]
  0x00000000179e9000 JavaThread "C2 CompilerThread0" daemon [_thread_in_native, id=21788, stack(0x0000000018170000,0x0000000018270000)]
  0x0000000017995000 JavaThread "Attach Listener" daemon [_thread_blocked, id=12156, stack(0x0000000018070000,0x0000000018170000)]
  0x00000000179e8000 JavaThread "Signal Dispatcher" daemon [_thread_blocked, id=18784, stack(0x0000000017f70000,0x0000000018070000)]
  0x0000000002f4e000 JavaThread "Finalizer" daemon [_thread_blocked, id=6816, stack(0x0000000017d60000,0x0000000017e60000)]
  0x0000000002f47000 JavaThread "Reference Handler" daemon [_thread_blocked, id=8724, stack(0x0000000017860000,0x0000000017960000)]
  0x0000000002e4d800 JavaThread "main" [_thread_blocked, id=25308, stack(0x0000000002cc0000,0x0000000002dc0000)]

Other Threads:
  0x0000000015a67000 VMThread [stack: 0x0000000017760000,0x0000000017860000] [id=16804]
  0x00000000179fb800 WatcherThread [stack: 0x0000000018670000,0x0000000018770000] [id=29080]

VM state:not at safepoint (normal execution)

VM Mutex/Monitor currently owned by a thread: None

Heap:
 PSYoungGen      total 38400K, used 32838K [0x00000000eab00000, 0x00000000ee900000, 0x0000000100000000)
  eden space 33280K, 83% used [0x00000000eab00000,0x00000000ec619ac8,0x00000000ecb80000)
  from space 5120K, 99% used [0x00000000ecb80000,0x00000000ed078028,0x00000000ed080000)
  to   space 5120K, 0% used [0x00000000ee400000,0x00000000ee400000,0x00000000ee900000)
 ParOldGen       total 57856K, used 8304K [0x00000000c0000000, 0x00000000c3880000, 0x00000000eab00000)
  object space 57856K, 14% used [0x00000000c0000000,0x00000000c081c180,0x00000000c3880000)
 Metaspace       used 6321K, capacity 7088K, committed 7296K, reserved 1058816K
  class space    used 590K, capacity 616K, committed 640K, reserved 1048576K

Card table byte_map: [0x0000000012310000,0x0000000012520000] byte_map_base: 0x0000000011d10000

Marking Bits: (ParMarkBitMap*) 0x0000000069524970
 Begin Bits: [0x0000000012e80000, 0x0000000013e80000)
 End Bits:   [0x0000000013e80000, 0x0000000014e80000)

Polling page: 0x0000000001010000

CodeCache: size=245760Kb used=6281Kb max_used=6281Kb free=239478Kb
 bounds [0x0000000002f50000, 0x0000000003580000, 0x0000000011f50000]
 total_blobs=1922 nmethods=1654 adapters=182
 compilation: enabled

Compilation events (10 events):
Event: 1.348 Thread 0x00000000179f4800 nmethod 1691 0x0000000003574550 code [0x00000000035746a0, 0x00000000035747f0]
Event: 1.348 Thread 0x00000000179f4800 1676       2       com.android.dx.ssa.Optimizer::optimize (15 bytes)
Event: 1.349 Thread 0x00000000179f4800 nmethod 1676 0x0000000003574890 code [0x0000000003574a00, 0x0000000003574be8]
Event: 1.349 Thread 0x00000000179f4800 1677       2       java.util.EnumSet::getUniverse (10 bytes)
Event: 1.349 Thread 0x00000000179f4800 nmethod 1677 0x0000000003574d10 code [0x0000000003574e80, 0x0000000003575048]
Event: 1.349 Thread 0x00000000179f4800 1678       2       java.util.EnumSet::<init> (15 bytes)
Event: 1.349 Thread 0x00000000179f4800 nmethod 1678 0x0000000003575190 code [0x00000000035752e0, 0x0000000003575450]
Event: 1.349 Thread 0x00000000179f4800 1675       2       com.android.dx.cf.code.LineNumberList::concat (92 bytes)
Event: 1.350 Thread 0x00000000179f4800 nmethod 1675 0x00000000035754d0 code [0x0000000003575740, 0x0000000003576348]
Event: 1.350 Thread 0x00000000179f4800 1679   !   2       com.android.dx.cf.code.Ropper::convert (52 bytes)

GC Heap History (8 events):
Event: 0.616 GC heap before
{Heap before GC invocations=1 (full 0):
 PSYoungGen      total 38400K, used 11317K [0x00000000eab00000, 0x00000000ed580000, 0x0000000100000000)
  eden space 33280K, 34% used [0x00000000eab00000,0x00000000eb60d630,0x00000000ecb80000)
  from space 5120K, 0% used [0x00000000ed080000,0x00000000ed080000,0x00000000ed580000)
  to   space 5120K, 0% used [0x00000000ecb80000,0x00000000ecb80000,0x00000000ed080000)
 ParOldGen       total 87552K, used 0K [0x00000000c0000000, 0x00000000c5580000, 0x00000000eab00000)
  object space 87552K, 0% used [0x00000000c0000000,0x00000000c0000000,0x00000000c5580000)
 Metaspace       used 5269K, capacity 6160K, committed 6272K, reserved 1060864K
  class space    used 561K, capacity 584K, committed 640K, reserved 1048576K
Event: 0.623 GC heap after
Heap after GC invocations=1 (full 0):
 PSYoungGen      total 38400K, used 3053K [0x00000000eab00000, 0x00000000ed580000, 0x0000000100000000)
  eden space 33280K, 0% used [0x00000000eab00000,0x00000000eab00000,0x00000000ecb80000)
  from space 5120K, 59% used [0x00000000ecb80000,0x00000000ece7b4a0,0x00000000ed080000)
  to   space 5120K, 0% used [0x00000000ed080000,0x00000000ed080000,0x00000000ed580000)
 ParOldGen       total 87552K, used 8K [0x00000000c0000000, 0x00000000c5580000, 0x00000000eab00000)
  object space 87552K, 0% used [0x00000000c0000000,0x00000000c0002000,0x00000000c5580000)
 Metaspace       used 5269K, capacity 6160K, committed 6272K, reserved 1060864K
  class space    used 561K, capacity 584K, committed 640K, reserved 1048576K
}
Event: 0.623 GC heap before
{Heap before GC invocations=2 (full 1):
 PSYoungGen      total 38400K, used 3053K [0x00000000eab00000, 0x00000000ed580000, 0x0000000100000000)
  eden space 33280K, 0% used [0x00000000eab00000,0x00000000eab00000,0x00000000ecb80000)
  from space 5120K, 59% used [0x00000000ecb80000,0x00000000ece7b4a0,0x00000000ed080000)
  to   space 5120K, 0% used [0x00000000ed080000,0x00000000ed080000,0x00000000ed580000)
 ParOldGen       total 87552K, used 8K [0x00000000c0000000, 0x00000000c5580000, 0x00000000eab00000)
  object space 87552K, 0% used [0x00000000c0000000,0x00000000c0002000,0x00000000c5580000)
 Metaspace       used 5269K, capacity 6160K, committed 6272K, reserved 1060864K
  class space    used 561K, capacity 584K, committed 640K, reserved 1048576K
Event: 0.636 GC heap after
Heap after GC invocations=2 (full 1):
 PSYoungGen      total 38400K, used 0K [0x00000000eab00000, 0x00000000ed580000, 0x0000000100000000)
  eden space 33280K, 0% used [0x00000000eab00000,0x00000000eab00000,0x00000000ecb80000)
  from space 5120K, 0% used [0x00000000ecb80000,0x00000000ecb80000,0x00000000ed080000)
  to   space 5120K, 0% used [0x00000000ed080000,0x00000000ed080000,0x00000000ed580000)
 ParOldGen       total 57856K, used 2783K [0x00000000c0000000, 0x00000000c3880000, 0x00000000eab00000)
  object space 57856K, 4% used [0x00000000c0000000,0x00000000c02b7e60,0x00000000c3880000)
 Metaspace       used 5269K, capacity 6160K, committed 6272K, reserved 1058816K
  class space    used 561K, capacity 584K, committed 640K, reserved 1048576K
}
Event: 1.034 GC heap before
{Heap before GC invocations=3 (full 1):
 PSYoungGen      total 38400K, used 33280K [0x00000000eab00000, 0x00000000ed580000, 0x0000000100000000)
  eden space 33280K, 100% used [0x00000000eab00000,0x00000000ecb80000,0x00000000ecb80000)
  from space 5120K, 0% used [0x00000000ecb80000,0x00000000ecb80000,0x00000000ed080000)
  to   space 5120K, 0% used [0x00000000ed080000,0x00000000ed080000,0x00000000ed580000)
 ParOldGen       total 57856K, used 2783K [0x00000000c0000000, 0x00000000c3880000, 0x00000000eab00000)
  object space 57856K, 4% used [0x00000000c0000000,0x00000000c02b7e60,0x00000000c3880000)
 Metaspace       used 6105K, capacity 6960K, committed 7040K, reserved 1058816K
  class space    used 588K, capacity 616K, committed 640K, reserved 1048576K
Event: 1.040 GC heap after
Heap after GC invocations=3 (full 1):
 PSYoungGen      total 38400K, used 5088K [0x00000000eab00000, 0x00000000ee200000, 0x0000000100000000)
  eden space 33280K, 0% used [0x00000000eab00000,0x00000000eab00000,0x00000000ecb80000)
  from space 5120K, 99% used [0x00000000ed080000,0x00000000ed578028,0x00000000ed580000)
  to   space 5120K, 0% used [0x00000000ecb80000,0x00000000ecb80000,0x00000000ed080000)
 ParOldGen       total 57856K, used 3222K [0x00000000c0000000, 0x00000000c3880000, 0x00000000eab00000)
  object space 57856K, 5% used [0x00000000c0000000,0x00000000c0325ab0,0x00000000c3880000)
 Metaspace       used 6105K, capacity 6960K, committed 7040K, reserved 1058816K
  class space    used 588K, capacity 616K, committed 640K, reserved 1048576K
}
Event: 1.176 GC heap before
{Heap before GC invocations=4 (full 1):
 PSYoungGen      total 38400K, used 38368K [0x00000000eab00000, 0x00000000ee200000, 0x0000000100000000)
  eden space 33280K, 100% used [0x00000000eab00000,0x00000000ecb80000,0x00000000ecb80000)
  from space 5120K, 99% used [0x00000000ed080000,0x00000000ed578028,0x00000000ed580000)
  to   space 5120K, 0% used [0x00000000ecb80000,0x00000000ecb80000,0x00000000ed080000)
 ParOldGen       total 57856K, used 3222K [0x00000000c0000000, 0x00000000c3880000, 0x00000000eab00000)
  object space 57856K, 5% used [0x00000000c0000000,0x00000000c0325ab0,0x00000000c3880000)
 Metaspace       used 6258K, capacity 7088K, committed 7296K, reserved 1058816K
  class space    used 589K, capacity 616K, committed 640K, reserved 1048576K
Event: 1.186 GC heap after
Heap after GC invocations=4 (full 1):
 PSYoungGen      total 38400K, used 5088K [0x00000000eab00000, 0x00000000ee900000, 0x0000000100000000)
  eden space 33280K, 0% used [0x00000000eab00000,0x00000000eab00000,0x00000000ecb80000)
  from space 5120K, 99% used [0x00000000ecb80000,0x00000000ed078028,0x00000000ed080000)
  to   space 5120K, 0% used [0x00000000ee400000,0x00000000ee400000,0x00000000ee900000)
 ParOldGen       total 57856K, used 8304K [0x00000000c0000000, 0x00000000c3880000, 0x00000000eab00000)
  object space 57856K, 14% used [0x00000000c0000000,0x00000000c081c180,0x00000000c3880000)
 Metaspace       used 6258K, capacity 7088K, committed 7296K, reserved 1058816K
  class space    used 589K, capacity 616K, committed 640K, reserved 1048576K
}

Deoptimization events (10 events):
Event: 0.679 Thread 0x00000000187c7000 Uncommon trap: reason=class_check action=maybe_recompile pc=0x000000000317ecb0 method=com.android.dx.ssa.NormalSsaInsn.accept(Lcom/android/dx/ssa/SsaInsn$Visitor;)V @ 9
Event: 0.679 Thread 0x00000000187c7000 Uncommon trap: reason=class_check action=maybe_recompile pc=0x000000000317ecb0 method=com.android.dx.ssa.NormalSsaInsn.accept(Lcom/android/dx/ssa/SsaInsn$Visitor;)V @ 9
Event: 0.679 Thread 0x00000000187c7000 Uncommon trap: reason=class_check action=maybe_recompile pc=0x000000000317ecb0 method=com.android.dx.ssa.NormalSsaInsn.accept(Lcom/android/dx/ssa/SsaInsn$Visitor;)V @ 9
Event: 0.687 Thread 0x0000000017c60800 Uncommon trap: reason=unstable_if action=reinterpret pc=0x0000000003166670 method=java.util.BitSet.nextSetBit(I)I @ 87
Event: 0.847 Thread 0x00000000187c7000 Uncommon trap: reason=null_check action=make_not_entrant pc=0x000000000327652c method=com.android.dx.ssa.SsaRenamer.getLocalForNewReg(I)Lcom/android/dx/rop/code/LocalItem; @ 19
Event: 0.942 Thread 0x00000000187c8800 Uncommon trap: reason=null_check action=make_not_entrant pc=0x000000000321b428 method=com.android.dx.rop.type.Type.equals(Ljava/lang/Object;)Z @ 8
Event: 0.988 Thread 0x00000000187c8000 Uncommon trap: reason=unstable_if action=reinterpret pc=0x00000000032e1168 method=com.android.dx.ssa.SsaRenamer$BlockRenamer.addMapping(ILcom/android/dx/rop/code/RegisterSpec;)V @ 120
Event: 1.051 Thread 0x00000000187c7000 Uncommon trap: reason=unstable_if action=reinterpret pc=0x0000000003419dbc method=com.android.dx.ssa.SCCP.simulateStmt(Lcom/android/dx/ssa/SsaInsn;)V @ 53
Event: 1.061 Thread 0x00000000187c7000 Uncommon trap: reason=unstable_if action=reinterpret pc=0x00000000031e263c method=com.android.dx.rop.code.RegisterSpec.equals(ILcom/android/dx/rop/type/TypeBearer;Lcom/android/dx/rop/code/LocalItem;)Z @ 42
Event: 1.130 Thread 0x00000000187c8800 Uncommon trap: reason=unstable_if action=reinterpret pc=0x000000000327089c method=com.android.dx.rop.cst.Constant.compareTo(Lcom/android/dx/rop/cst/Constant;)I @ 12

Classes redefined (0 events):
No events

Internal exceptions (4 events):
Event: 0.077 Thread 0x0000000002e4d800 Exception <a 'java/lang/NoSuchMethodError': Method sun.misc.Unsafe.defineClass(Ljava/lang/String;[BII)Ljava/lang/Class; name or signature does not match> (0x00000000eab07ca8) thrown at [D:\src\AOSP-openjdk-cygwin\jdk8u\hotspot\src\share\vm\prims\jni.cpp, 
Event: 0.077 Thread 0x0000000002e4d800 Exception <a 'java/lang/NoSuchMethodError': Method sun.misc.Unsafe.prefetchRead(Ljava/lang/Object;J)V name or signature does not match> (0x00000000eab07f90) thrown at [D:\src\AOSP-openjdk-cygwin\jdk8u\hotspot\src\share\vm\prims\jni.cpp, line 4011]
Event: 0.847 Thread 0x00000000187c7000 Implicit null exception at 0x0000000003273719 to 0x00000000032764e9
Event: 0.942 Thread 0x00000000187c8800 Implicit null exception at 0x000000000321b322 to 0x000000000321b41a

Events (10 events):
Event: 1.159 loading class com/android/dx/cf/code/BytecodeArray$ConstantParserVisitor done
Event: 1.175 Executing VM operation: ParallelGCFailedAllocation
Event: 1.186 Executing VM operation: ParallelGCFailedAllocation done
Event: 1.281 loading class java/util/HashMap$KeySet
Event: 1.281 loading class java/util/HashMap$KeySet done
Event: 1.282 loading class java/util/HashMap$KeyIterator
Event: 1.282 loading class java/util/HashMap$KeyIterator done
Event: 1.286 Thread 0x0000000017c60800 Thread exited: 0x0000000017c60800
Event: 1.329 Thread 0x00000000187c8000 Thread exited: 0x00000000187c8000
Event: 1.347 Thread 0x00000000187c8800 Thread exited: 0x00000000187c8800


Dynamic libraries:
0x00007ff735980000 - 0x00007ff7359b1000 	C:\Android\Android Studio\jre\bin\java.exe
0x00007ffdf9490000 - 0x00007ffdf9671000 	C:\WINDOWS\SYSTEM32\ntdll.dll
0x00007ffdf8740000 - 0x00007ffdf87f2000 	C:\WINDOWS\System32\KERNEL32.DLL
0x00007ffdf6490000 - 0x00007ffdf6703000 	C:\WINDOWS\System32\KERNELBASE.dll
0x00007ffdf8b60000 - 0x00007ffdf8c01000 	C:\WINDOWS\System32\ADVAPI32.dll
0x00007ffdf6ac0000 - 0x00007ffdf6b5e000 	C:\WINDOWS\System32\msvcrt.dll
0x00007ffdf8580000 - 0x00007ffdf85db000 	C:\WINDOWS\System32\sechost.dll
0x00007ffdf9280000 - 0x00007ffdf93a4000 	C:\WINDOWS\System32\RPCRT4.dll
0x00007ffdf8960000 - 0x00007ffdf8af0000 	C:\WINDOWS\System32\USER32.dll
0x00007ffdf6710000 - 0x00007ffdf6730000 	C:\WINDOWS\System32\win32u.dll
0x00007ffdf9190000 - 0x00007ffdf91b8000 	C:\WINDOWS\System32\GDI32.dll
0x00007ffdf62f0000 - 0x00007ffdf6482000 	C:\WINDOWS\System32\gdi32full.dll
0x00007ffdf6150000 - 0x00007ffdf61ef000 	C:\WINDOWS\System32\msvcp_win.dll
0x00007ffdf61f0000 - 0x00007ffdf62ea000 	C:\WINDOWS\System32\ucrtbase.dll
0x00007ffdeb320000 - 0x00007ffdeb589000 	C:\WINDOWS\WinSxS\amd64_microsoft.windows.common-controls_6595b64144ccf1df_6.0.17134.228_none_fb4599993062b194\COMCTL32.dll
0x00007ffdf8cb0000 - 0x00007ffdf8fd3000 	C:\WINDOWS\System32\combase.dll
0x00007ffdf5960000 - 0x00007ffdf59da000 	C:\WINDOWS\System32\bcryptPrimitives.dll
0x00007ffdf9430000 - 0x00007ffdf945d000 	C:\WINDOWS\System32\IMM32.DLL
0x000000006ac60000 - 0x000000006ad32000 	C:\Android\Android Studio\jre\jre\bin\msvcr100.dll
0x0000000068d60000 - 0x000000006959f000 	C:\Android\Android Studio\jre\jre\bin\server\jvm.dll
0x00007ffdf8800000 - 0x00007ffdf8808000 	C:\WINDOWS\System32\PSAPI.DLL
0x00007ffde9910000 - 0x00007ffde9919000 	C:\WINDOWS\SYSTEM32\WSOCK32.dll
0x00007ffdf8af0000 - 0x00007ffdf8b5c000 	C:\WINDOWS\System32\WS2_32.dll
0x00007ffded770000 - 0x00007ffded793000 	C:\WINDOWS\SYSTEM32\WINMM.dll
0x00007ffdebad0000 - 0x00007ffdebada000 	C:\WINDOWS\SYSTEM32\VERSION.dll
0x00007ffded740000 - 0x00007ffded76a000 	C:\WINDOWS\SYSTEM32\WINMMBASE.dll
0x00007ffdf5910000 - 0x00007ffdf5959000 	C:\WINDOWS\System32\cfgmgr32.dll
0x00007ffdf2ac0000 - 0x00007ffdf2acf000 	C:\Android\Android Studio\jre\jre\bin\verify.dll
0x00007ffdf1870000 - 0x00007ffdf1899000 	C:\Android\Android Studio\jre\jre\bin\java.dll
0x00007ffdf1850000 - 0x00007ffdf1866000 	C:\Android\Android Studio\jre\jre\bin\zip.dll
0x00007ffdf7140000 - 0x00007ffdf8580000 	C:\WINDOWS\System32\SHELL32.dll
0x00007ffdf91d0000 - 0x00007ffdf9279000 	C:\WINDOWS\System32\shcore.dll
0x00007ffdf59e0000 - 0x00007ffdf60ed000 	C:\WINDOWS\System32\windows.storage.dll
0x00007ffdf9040000 - 0x00007ffdf9091000 	C:\WINDOWS\System32\shlwapi.dll
0x00007ffdf5830000 - 0x00007ffdf5841000 	C:\WINDOWS\System32\kernel.appcore.dll
0x00007ffdf57c0000 - 0x00007ffdf57df000 	C:\WINDOWS\System32\profapi.dll
0x00007ffdf57e0000 - 0x00007ffdf582c000 	C:\WINDOWS\System32\powrprof.dll
0x00007ffdf5850000 - 0x00007ffdf585a000 	C:\WINDOWS\System32\FLTLIB.DLL

VM Arguments:
jvm_args: -Djava.awt.headless=true -Xmx1024M -Dfile.encoding=GBK -Duser.country=CN -Duser.language=zh -Duser.variant 
java_command: com.android.dx.command.Main --dex --num-threads=4 --output C:\Android\workspace\MyApp\app\build\intermediates\pre-dexed\debug\gson-2.4_db09dfe76e14f901b7255ed40415438426524f7e.jar C:\Android\workspace\MyApp\app\libs\gson-2.4.jar
java_class_path (initial): C:\Android\sdk\build-tools\25.0.0\lib\dx.jar
Launcher Type: SUN_STANDARD

Environment Variables:
JAVA_HOME=C:\Program Files\Java\jdk1.8.0_20
CLASSPATH=.;C:\Program Files\Java\jdk1.8.0_20\lib\dt.jar;C:\Program Files\Java\jdk1.8.0_20\lib\tools.jar;
PATH=C:\Program Files (x86)\Common Files\Oracle\Java\javapath;C:\ProgramData\Oracle\Java\javapath;C:\WINDOWS\system32;C:\WINDOWS;C:\WINDOWS\System32\Wbem;C:\WINDOWS\System32\WindowsPowerShell\v1.0\;C:\Program Files\Java\jdk1.8.0_20\bin;C:\Program Files\Java\jdk1.8.0_20\jre\bin;C:\Program Files\Git\cmd;C:\WINDOWS\System32\OpenSSH\;C:\Users\Åôì÷\AppData\Local\Microsoft\WindowsApps;
USERNAME=Åôì÷
OS=Windows_NT
PROCESSOR_IDENTIFIER=Intel64 Family 6 Model 60 Stepping 3, GenuineIntel



---------------  S Y S T E M  ---------------

OS: Windows 10.0 , 64 bit Build 17134 (10.0.17134.1)

CPU:total 8 (initial active 8) (4 cores per cpu, 2 threads per core) family 6 model 60 stepping 3, cmov, cx8, fxsr, mmx, sse, sse2, sse3, ssse3, sse4.1, sse4.2, popcnt, avx, avx2, aes, clmul, erms, lzcnt, ht, tsc, tscinvbit, bmi1, bmi2

Memory: 4k page, physical 8312856k(1549204k free), swap 10410008k(4528k free)

vm_info: OpenJDK 64-Bit Server VM (25.152-b02) for windows-amd64 JRE (1.8.0_152-release-1024-b02), built by "builder" with MS VC++ 10.0 (VS2010)

time: Fri Aug 24 17:11:36 2018
elapsed time: 1 seconds (0d 0h 0m 1s)

