#
# There is insufficient memory for the Java Runtime Environment to continue.
# Native memory allocation (malloc) failed to allocate 388016 bytes for Chunk::new
# Possible reasons:
#   The system is out of physical RAM or swap space
#   In 32 bit mode, the process size limit was hit
# Possible solutions:
#   Reduce memory load on the system
#   Increase physical memory or swap space
#   Check if swap backing store is full
#   Use 64 bit Java on a 64 bit OS
#   Decrease Java heap size (-Xmx/-Xms)
#   Decrease number of Java threads
#   Decrease Java thread stack sizes (-Xss)
#   Set larger code cache with -XX:ReservedCodeCacheSize=
# This output file may be truncated or incomplete.
#
#  Out of Memory Error (allocation.cpp:390), pid=14544, tid=0x0000000000002d74
#
# JRE version: OpenJDK Runtime Environment (8.0_152-b02) (build 1.8.0_152-release-1024-b02)
# Java VM: OpenJDK 64-Bit Server VM (25.152-b02 mixed mode windows-amd64 compressed oops)
# Failed to write core dump. Minidumps are not enabled by default on client versions of Windows
#

---------------  T H R E A D  ---------------

Current thread (0x00000000177e8800):  JavaThread "C2 CompilerThread2" daemon [_thread_in_native, id=11636, stack(0x00000000180c0000,0x00000000181c0000)]

Stack: [0x00000000180c0000,0x00000000181c0000]
[error occurred during error reporting (printing stack bounds), id 0xc0000005]

Native frames: (J=compiled Java code, j=interpreted, Vv=VM code, C=native code)


Current CompileTask:
C2:   1324 1116       4       com.android.dx.ssa.SCCP::simulateStmt (481 bytes)


---------------  P R O C E S S  ---------------

Java Threads: ( => current thread )
  0x00000000184f5800 JavaThread "pool-1-thread-4" [_thread_in_Java, id=15316, stack(0x00000000190c0000,0x00000000191c0000)]
  0x00000000184cf800 JavaThread "pool-1-thread-3" [_thread_blocked, id=6548, stack(0x0000000018fc0000,0x00000000190c0000)]
  0x00000000184ce000 JavaThread "pool-1-thread-2" [_thread_in_Java, id=17820, stack(0x0000000018ec0000,0x0000000018fc0000)]
  0x00000000184cd800 JavaThread "pool-2-thread-1" [_thread_blocked, id=28420, stack(0x0000000018dc0000,0x0000000018ec0000)]
  0x00000000184c6000 JavaThread "pool-1-thread-1" [_thread_blocked, id=23632, stack(0x0000000018cc0000,0x0000000018dc0000)]
  0x0000000017833800 JavaThread "Service Thread" daemon [_thread_blocked, id=29404, stack(0x00000000182c0000,0x00000000183c0000)]
  0x00000000177ec000 JavaThread "C1 CompilerThread3" daemon [_thread_in_native, id=28424, stack(0x00000000181c0000,0x00000000182c0000)]
=>0x00000000177e8800 JavaThread "C2 CompilerThread2" daemon [_thread_in_native, id=11636, stack(0x00000000180c0000,0x00000000181c0000)]
  0x00000000177e1000 JavaThread "C2 CompilerThread1" daemon [_thread_in_vm, id=18992, stack(0x0000000017fc0000,0x00000000180c0000)]
  0x000000001587e000 JavaThread "C2 CompilerThread0" daemon [_thread_in_native, id=27428, stack(0x0000000017ec0000,0x0000000017fc0000)]
  0x000000001778b000 JavaThread "Attach Listener" daemon [_thread_blocked, id=20376, stack(0x0000000017dc0000,0x0000000017ec0000)]
  0x000000001778a000 JavaThread "Signal Dispatcher" daemon [_thread_blocked, id=7392, stack(0x0000000017cc0000,0x0000000017dc0000)]
  0x0000000017770800 JavaThread "Finalizer" daemon [_thread_blocked, id=15376, stack(0x0000000017b50000,0x0000000017c50000)]
  0x000000001586a800 JavaThread "Reference Handler" daemon [_thread_blocked, id=13788, stack(0x0000000017650000,0x0000000017750000)]
  0x0000000000b8d800 JavaThread "main" [_thread_blocked, id=17880, stack(0x00000000027c0000,0x00000000028c0000)]

Other Threads:
  0x0000000015866800 VMThread [stack: 0x0000000017550000,0x0000000017650000] [id=20300]
  0x0000000017834800 WatcherThread [stack: 0x00000000183c0000,0x00000000184c0000] [id=19616]

VM state:not at safepoint (normal execution)

VM Mutex/Monitor currently owned by a thread: None

Heap:
 PSYoungGen      total 38400K, used 8119K [0x00000000eab00000, 0x00000000ed580000, 0x0000000100000000)
  eden space 33280K, 9% used [0x00000000eab00000,0x00000000eadf1e50,0x00000000ecb80000)
  from space 5120K, 99% used [0x00000000ecb80000,0x00000000ed07c0a8,0x00000000ed080000)
  to   space 5120K, 0% used [0x00000000ed080000,0x00000000ed080000,0x00000000ed580000)
 ParOldGen       total 87552K, used 1492K [0x00000000c0000000, 0x00000000c5580000, 0x00000000eab00000)
  object space 87552K, 1% used [0x00000000c0000000,0x00000000c0175120,0x00000000c5580000)
 Metaspace       used 6086K, capacity 6896K, committed 7040K, reserved 1056768K
  class space    used 588K, capacity 616K, committed 640K, reserved 1048576K

Card table byte_map: [0x0000000012110000,0x0000000012320000] byte_map_base: 0x0000000011b10000

Marking Bits: (ParMarkBitMap*) 0x0000000069524970
 Begin Bits: [0x0000000012c80000, 0x0000000013c80000)
 End Bits:   [0x0000000013c80000, 0x0000000014c80000)

Polling page: 0x0000000000b70000

CodeCache: size=245760Kb used=4985Kb max_used=4985Kb free=240774Kb
 bounds [0x0000000002d50000, 0x0000000003240000, 0x0000000011d50000]
 total_blobs=1527 nmethods=1259 adapters=182
 compilation: enabled

Compilation events (10 events):
Event: 1.309 Thread 0x00000000177ec000 nmethod 1254 0x00000000032246d0 code [0x0000000003224820, 0x00000000032249f0]
Event: 1.309 Thread 0x00000000177ec000 1255       3       com.android.dx.rop.type.Type::<init> (84 bytes)
Event: 1.309 Thread 0x00000000177ec000 nmethod 1255 0x0000000003223e10 code [0x0000000003223fc0, 0x00000000032244e8]
Event: 1.309 Thread 0x00000000177ec000 1256   !   3       com.android.dx.rop.type.Type::putIntern (50 bytes)
Event: 1.310 Thread 0x00000000177ec000 nmethod 1256 0x0000000003228510 code [0x0000000003228700, 0x00000000032291d8]
Event: 1.312 Thread 0x00000000177e1000 nmethod 1135 0x000000000322c610 code [0x000000000322c780, 0x000000000322ca38]
Event: 1.312 Thread 0x00000000177e1000 1233       4       com.android.dx.rop.code.RegisterSpec::make (7 bytes)
Event: 1.312 Thread 0x00000000177e1000 nmethod 1233 0x00000000031a9850 code [0x00000000031a99a0, 0x00000000031a9a08]
Event: 1.312 Thread 0x00000000177e1000 1251   !   4       com.android.dx.cf.code.BytecodeArray::parseInstruction (2764 bytes)
Event: 1.314 Thread 0x000000001587e000 nmethod 1144 0x0000000003229c10 code [0x0000000003229da0, 0x000000000322a678]

GC Heap History (2 events):
Event: 1.135 GC heap before
{Heap before GC invocations=1 (full 0):
 PSYoungGen      total 38400K, used 33280K [0x00000000eab00000, 0x00000000ed580000, 0x0000000100000000)
  eden space 33280K, 100% used [0x00000000eab00000,0x00000000ecb80000,0x00000000ecb80000)
  from space 5120K, 0% used [0x00000000ed080000,0x00000000ed080000,0x00000000ed580000)
  to   space 5120K, 0% used [0x00000000ecb80000,0x00000000ecb80000,0x00000000ed080000)
 ParOldGen       total 87552K, used 0K [0x00000000c0000000, 0x00000000c5580000, 0x00000000eab00000)
  object space 87552K, 0% used [0x00000000c0000000,0x00000000c0000000,0x00000000c5580000)
 Metaspace       used 6060K, capacity 6896K, committed 7040K, reserved 1056768K
  class space    used 587K, capacity 616K, committed 640K, reserved 1048576K
Event: 1.277 GC heap after
Heap after GC invocations=1 (full 0):
 PSYoungGen      total 38400K, used 5104K [0x00000000eab00000, 0x00000000ed580000, 0x0000000100000000)
  eden space 33280K, 0% used [0x00000000eab00000,0x00000000eab00000,0x00000000ecb80000)
  from space 5120K, 99% used [0x00000000ecb80000,0x00000000ed07c0a8,0x00000000ed080000)
  to   space 5120K, 0% used [0x00000000ed080000,0x00000000ed080000,0x00000000ed580000)
 ParOldGen       total 87552K, used 1492K [0x00000000c0000000, 0x00000000c5580000, 0x00000000eab00000)
  object space 87552K, 1% used [0x00000000c0000000,0x00000000c0175120,0x00000000c5580000)
 Metaspace       used 6060K, capacity 6896K, committed 7040K, reserved 1056768K
  class space    used 587K, capacity 616K, committed 640K, reserved 1048576K
}

Deoptimization events (5 events):
Event: 0.625 Thread 0x00000000184ce000 Uncommon trap: reason=unstable_if action=reinterpret pc=0x0000000002f5c9b0 method=java.util.BitSet.nextSetBit(I)I @ 87
Event: 0.777 Thread 0x00000000184c6000 Uncommon trap: reason=unstable_if action=reinterpret pc=0x0000000003041450 method=java.util.HashMap.getNode(ILjava/lang/Object;)Ljava/util/HashMap$Node; @ 129
Event: 0.778 Thread 0x00000000184c6000 Uncommon trap: reason=unstable_if action=reinterpret pc=0x0000000002f698c0 method=java.util.HashMap.getNode(ILjava/lang/Object;)Ljava/util/HashMap$Node; @ 129
Event: 0.791 Thread 0x00000000184c6000 Uncommon trap: reason=unstable_if action=reinterpret pc=0x0000000002f6065c method=java.util.HashMap.getNode(ILjava/lang/Object;)Ljava/util/HashMap$Node; @ 129
Event: 0.905 Thread 0x00000000184cf800 Uncommon trap: reason=null_check action=make_not_entrant pc=0x00000000030b66a8 method=com.android.dx.rop.type.Type.equals(Ljava/lang/Object;)Z @ 8

Classes redefined (0 events):
No events

Internal exceptions (3 events):
Event: 0.058 Thread 0x0000000000b8d800 Exception <a 'java/lang/NoSuchMethodError': Method sun.misc.Unsafe.defineClass(Ljava/lang/String;[BII)Ljava/lang/Class; name or signature does not match> (0x00000000eab07ca8) thrown at [D:\src\AOSP-openjdk-cygwin\jdk8u\hotspot\src\share\vm\prims\jni.cpp, 
Event: 0.058 Thread 0x0000000000b8d800 Exception <a 'java/lang/NoSuchMethodError': Method sun.misc.Unsafe.prefetchRead(Ljava/lang/Object;J)V name or signature does not match> (0x00000000eab07f90) thrown at [D:\src\AOSP-openjdk-cygwin\jdk8u\hotspot\src\share\vm\prims\jni.cpp, line 4011]
Event: 0.905 Thread 0x00000000184cf800 Implicit null exception at 0x00000000030b65a2 to 0x00000000030b669a

Events (10 events):
Event: 0.791 Thread 0x00000000184c6000 DEOPT UNPACKING pc=0x0000000002d9557b sp=0x0000000018dbe500 mode 2
Event: 0.905 Thread 0x00000000184cf800 Uncommon trap: trap_request=0xfffffff4 fr.pc=0x00000000030b66a8
Event: 0.905 Thread 0x00000000184cf800 DEOPT PACKING pc=0x00000000030b66a8 sp=0x00000000190be7c0
Event: 0.905 Thread 0x00000000184cf800 DEOPT UNPACKING pc=0x0000000002d9557b sp=0x00000000190be748 mode 2
Event: 0.934 Executing VM operation: ForceSafepoint
Event: 0.951 Executing VM operation: ForceSafepoint done
Event: 1.113 Executing VM operation: ParallelGCFailedAllocation
Event: 1.277 Executing VM operation: ParallelGCFailedAllocation done
Event: 1.292 loading class com/android/dx/cf/attrib/AttAnnotationDefault
Event: 1.292 loading class com/android/dx/cf/attrib/AttAnnotationDefault done


Dynamic libraries:
0x00007ff735980000 - 0x00007ff7359b1000 	C:\Android\Android Studio\jre\bin\java.exe
0x00007ffdf9490000 - 0x00007ffdf9671000 	C:\WINDOWS\SYSTEM32\ntdll.dll
0x00007ffdf8740000 - 0x00007ffdf87f2000 	C:\WINDOWS\System32\KERNEL32.DLL
0x00007ffdf6490000 - 0x00007ffdf6703000 	C:\WINDOWS\System32\KERNELBASE.dll
0x00007ffdf8b60000 - 0x00007ffdf8c01000 	C:\WINDOWS\System32\ADVAPI32.dll
0x00007ffdf6ac0000 - 0x00007ffdf6b5e000 	C:\WINDOWS\System32\msvcrt.dll
0x00007ffdf8580000 - 0x00007ffdf85db000 	C:\WINDOWS\System32\sechost.dll
0x00007ffdf9280000 - 0x00007ffdf93a4000 	C:\WINDOWS\System32\RPCRT4.dll
0x00007ffdf8960000 - 0x00007ffdf8af0000 	C:\WINDOWS\System32\USER32.dll
0x00007ffdf6710000 - 0x00007ffdf6730000 	C:\WINDOWS\System32\win32u.dll
0x00007ffdf9190000 - 0x00007ffdf91b8000 	C:\WINDOWS\System32\GDI32.dll
0x00007ffdf62f0000 - 0x00007ffdf6482000 	C:\WINDOWS\System32\gdi32full.dll
0x00007ffdf6150000 - 0x00007ffdf61ef000 	C:\WINDOWS\System32\msvcp_win.dll
0x00007ffdf61f0000 - 0x00007ffdf62ea000 	C:\WINDOWS\System32\ucrtbase.dll
0x00007ffdeb320000 - 0x00007ffdeb589000 	C:\WINDOWS\WinSxS\amd64_microsoft.windows.common-controls_6595b64144ccf1df_6.0.17134.228_none_fb4599993062b194\COMCTL32.dll
0x00007ffdf8cb0000 - 0x00007ffdf8fd3000 	C:\WINDOWS\System32\combase.dll
0x00007ffdf5960000 - 0x00007ffdf59da000 	C:\WINDOWS\System32\bcryptPrimitives.dll
0x00007ffdf9430000 - 0x00007ffdf945d000 	C:\WINDOWS\System32\IMM32.DLL
0x000000006ac60000 - 0x000000006ad32000 	C:\Android\Android Studio\jre\jre\bin\msvcr100.dll
0x0000000068d60000 - 0x000000006959f000 	C:\Android\Android Studio\jre\jre\bin\server\jvm.dll
0x00007ffdf8800000 - 0x00007ffdf8808000 	C:\WINDOWS\System32\PSAPI.DLL
0x00007ffde9910000 - 0x00007ffde9919000 	C:\WINDOWS\SYSTEM32\WSOCK32.dll
0x00007ffdf8af0000 - 0x00007ffdf8b5c000 	C:\WINDOWS\System32\WS2_32.dll
0x00007ffded770000 - 0x00007ffded793000 	C:\WINDOWS\SYSTEM32\WINMM.dll
0x00007ffdebad0000 - 0x00007ffdebada000 	C:\WINDOWS\SYSTEM32\VERSION.dll
0x00007ffded740000 - 0x00007ffded76a000 	C:\WINDOWS\SYSTEM32\WINMMBASE.dll
0x00007ffdf5910000 - 0x00007ffdf5959000 	C:\WINDOWS\System32\cfgmgr32.dll
0x00007ffdf2ac0000 - 0x00007ffdf2acf000 	C:\Android\Android Studio\jre\jre\bin\verify.dll
0x00007ffdf1870000 - 0x00007ffdf1899000 	C:\Android\Android Studio\jre\jre\bin\java.dll
0x00007ffdf1850000 - 0x00007ffdf1866000 	C:\Android\Android Studio\jre\jre\bin\zip.dll
0x00007ffdf7140000 - 0x00007ffdf8580000 	C:\WINDOWS\System32\SHELL32.dll
0x00007ffdf91d0000 - 0x00007ffdf9279000 	C:\WINDOWS\System32\shcore.dll
0x00007ffdf59e0000 - 0x00007ffdf60ed000 	C:\WINDOWS\System32\windows.storage.dll
0x00007ffdf9040000 - 0x00007ffdf9091000 	C:\WINDOWS\System32\shlwapi.dll
0x00007ffdf5830000 - 0x00007ffdf5841000 	C:\WINDOWS\System32\kernel.appcore.dll
0x00007ffdf57c0000 - 0x00007ffdf57df000 	C:\WINDOWS\System32\profapi.dll
0x00007ffdf57e0000 - 0x00007ffdf582c000 	C:\WINDOWS\System32\powrprof.dll
0x00007ffdf5850000 - 0x00007ffdf585a000 	C:\WINDOWS\System32\FLTLIB.DLL

VM Arguments:
jvm_args: -Djava.awt.headless=true -Xmx1024M -Dfile.encoding=GBK -Duser.country=CN -Duser.language=zh -Duser.variant 
java_command: com.android.dx.command.Main --dex --num-threads=4 --output C:\Android\workspace\MyApp\app\build\intermediates\pre-dexed\debug\gson-2.4_db09dfe76e14f901b7255ed40415438426524f7e.jar C:\Android\workspace\MyApp\app\libs\gson-2.4.jar
java_class_path (initial): C:\Android\sdk\build-tools\25.0.0\lib\dx.jar
Launcher Type: SUN_STANDARD

Environment Variables:
JAVA_HOME=C:\Program Files\Java\jdk1.8.0_20
CLASSPATH=.;C:\Program Files\Java\jdk1.8.0_20\lib\dt.jar;C:\Program Files\Java\jdk1.8.0_20\lib\tools.jar;
PATH=C:\Program Files (x86)\Common Files\Oracle\Java\javapath;C:\ProgramData\Oracle\Java\javapath;C:\WINDOWS\system32;C:\WINDOWS;C:\WINDOWS\System32\Wbem;C:\WINDOWS\System32\WindowsPowerShell\v1.0\;C:\Program Files\Java\jdk1.8.0_20\bin;C:\Program Files\Java\jdk1.8.0_20\jre\bin;C:\Program Files\Git\cmd;C:\WINDOWS\System32\OpenSSH\;C:\Users\Åôì÷\AppData\Local\Microsoft\WindowsApps;
USERNAME=Åôì÷
OS=Windows_NT
PROCESSOR_IDENTIFIER=Intel64 Family 6 Model 60 Stepping 3, GenuineIntel



---------------  S Y S T E M  ---------------

OS: Windows 10.0 , 64 bit Build 17134 (10.0.17134.1)

CPU:total 8 (initial active 8) (4 cores per cpu, 2 threads per core) family 6 model 60 stepping 3, cmov, cx8, fxsr, mmx, sse, sse2, sse3, ssse3, sse4.1, sse4.2, popcnt, avx, avx2, aes, clmul, erms, lzcnt, ht, tsc, tscinvbit, bmi1, bmi2

Memory: 4k page, physical 8312856k(1597908k free), swap 10410008k(4944k free)

vm_info: OpenJDK 64-Bit Server VM (25.152-b02) for windows-amd64 JRE (1.8.0_152-release-1024-b02), built by "builder" with MS VC++ 10.0 (VS2010)

time: Fri Aug 24 17:09:31 2018
elapsed time: 1 seconds (0d 0h 0m 1s)

