#
# There is insufficient memory for the Java Runtime Environment to continue.
# Native memory allocation (malloc) failed to allocate 32744 bytes for ChunkPool::allocate
# Possible reasons:
#   The system is out of physical RAM or swap space
#   In 32 bit mode, the process size limit was hit
# Possible solutions:
#   Reduce memory load on the system
#   Increase physical memory or swap space
#   Check if swap backing store is full
#   Use 64 bit Java on a 64 bit OS
#   Decrease Java heap size (-Xmx/-Xms)
#   Decrease number of Java threads
#   Decrease Java thread stack sizes (-Xss)
#   Set larger code cache with -XX:ReservedCodeCacheSize=
# This output file may be truncated or incomplete.
#
#  Out of Memory Error (allocation.cpp:273), pid=608, tid=0x0000000000003b84
#
# JRE version: OpenJDK Runtime Environment (8.0_152-b02) (build 1.8.0_152-release-1024-b02)
# Java VM: OpenJDK 64-Bit Server VM (25.152-b02 mixed mode windows-amd64 compressed oops)
# Failed to write core dump. Minidumps are not enabled by default on client versions of Windows
#

---------------  T H R E A D  ---------------

Current thread (0x000000001770d000):  JavaThread "C2 CompilerThread2" daemon [_thread_in_native, id=15236, stack(0x0000000017f70000,0x0000000018070000)]

Stack: [0x0000000017f70000,0x0000000018070000]
[error occurred during error reporting (printing stack bounds), id 0xc0000005]

Native frames: (J=compiled Java code, j=interpreted, Vv=VM code, C=native code)


Current CompileTask:
C2:   1041 1013       4       com.android.dx.ssa.RegisterMapper::map (63 bytes)


---------------  P R O C E S S  ---------------

Java Threads: ( => current thread )
  0x00000000178aa000 JavaThread "pool-1-thread-4" [_thread_in_Java, id=15596, stack(0x0000000018770000,0x0000000018870000)]
  0x0000000017886800 JavaThread "pool-1-thread-3" [_thread_blocked, id=9704, stack(0x0000000018670000,0x0000000018770000)]
  0x000000001788e800 JavaThread "pool-1-thread-2" [_thread_in_Java, id=14432, stack(0x0000000018570000,0x0000000018670000)]
  0x0000000017881000 JavaThread "pool-2-thread-1" [_thread_blocked, id=6472, stack(0x0000000018470000,0x0000000018570000)]
  0x0000000017874000 JavaThread "pool-1-thread-1" [_thread_in_Java, id=8540, stack(0x0000000018370000,0x0000000018470000)]
  0x0000000017751000 JavaThread "Service Thread" daemon [_thread_blocked, id=14620, stack(0x0000000018170000,0x0000000018270000)]
  0x000000001770d800 JavaThread "C1 CompilerThread3" daemon [_thread_in_native, id=14524, stack(0x0000000018070000,0x0000000018170000)]
=>0x000000001770d000 JavaThread "C2 CompilerThread2" daemon [_thread_in_native, id=15236, stack(0x0000000017f70000,0x0000000018070000)]
  0x00000000157ac800 JavaThread "C2 CompilerThread1" daemon [_thread_in_native, id=4704, stack(0x0000000017e70000,0x0000000017f70000)]
  0x00000000176aa800 JavaThread "C2 CompilerThread0" daemon [_thread_in_native, id=3812, stack(0x0000000017d70000,0x0000000017e70000)]
  0x00000000176a9000 JavaThread "Attach Listener" daemon [_thread_blocked, id=16660, stack(0x0000000017c70000,0x0000000017d70000)]
  0x0000000017700000 JavaThread "Signal Dispatcher" daemon [_thread_blocked, id=11292, stack(0x0000000017b70000,0x0000000017c70000)]
  0x0000000002c79800 JavaThread "Finalizer" daemon [_thread_blocked, id=11364, stack(0x0000000017a70000,0x0000000017b70000)]
  0x0000000002c78000 JavaThread "Reference Handler" daemon [_thread_blocked, id=8936, stack(0x0000000017570000,0x0000000017670000)]
  0x000000000270d800 JavaThread "main" [_thread_in_native, id=8132, stack(0x0000000002a80000,0x0000000002b80000)]

Other Threads:
  0x0000000015797800 VMThread [stack: 0x0000000017470000,0x0000000017570000] [id=13168]
  0x0000000017753800 WatcherThread [stack: 0x0000000018270000,0x0000000018370000] [id=15244]

VM state:not at safepoint (normal execution)

VM Mutex/Monitor currently owned by a thread:  ([mutex/lock_event])
[0x0000000002b806d0] MethodCompileQueue_lock - owner thread: 0x0000000000000000

Heap:
 PSYoungGen      total 38400K, used 21975K [0x00000000eab00000, 0x00000000ed580000, 0x0000000100000000)
  eden space 33280K, 66% used [0x00000000eab00000,0x00000000ec075d40,0x00000000ecb80000)
  from space 5120K, 0% used [0x00000000ed080000,0x00000000ed080000,0x00000000ed580000)
  to   space 5120K, 0% used [0x00000000ecb80000,0x00000000ecb80000,0x00000000ed080000)
 ParOldGen       total 87552K, used 0K [0x00000000c0000000, 0x00000000c5580000, 0x00000000eab00000)
  object space 87552K, 0% used [0x00000000c0000000,0x00000000c0000000,0x00000000c5580000)
 Metaspace       used 5815K, capacity 6832K, committed 7040K, reserved 1056768K
  class space    used 575K, capacity 616K, committed 640K, reserved 1048576K

Card table byte_map: [0x0000000012040000,0x0000000012250000] byte_map_base: 0x0000000011a40000

Marking Bits: (ParMarkBitMap*) 0x0000000068124970
 Begin Bits: [0x0000000012bb0000, 0x0000000013bb0000)
 End Bits:   [0x0000000013bb0000, 0x0000000014bb0000)

Polling page: 0x0000000002610000

CodeCache: size=245760Kb used=4083Kb max_used=4083Kb free=241676Kb
 bounds [0x0000000002c80000, 0x0000000003090000, 0x0000000011c80000]
 total_blobs=1279 nmethods=1016 adapters=177
 compilation: enabled

Compilation events (10 events):
Event: 1.036 Thread 0x000000001770d800 nmethod 994 0x0000000003076c50 code [0x0000000003076dc0, 0x0000000003077028]
Event: 1.036 Thread 0x000000001770d800  978       3       java.io.File::isInvalid (47 bytes)
Event: 1.036 Thread 0x000000001770d800 nmethod 978 0x0000000003066d10 code [0x0000000003066e80, 0x00000000030672a8]
Event: 1.036 Thread 0x000000001770d800 1014       3       com.android.dx.rop.code.Insn$BaseVisitor::visitThrowingCstInsn (1 bytes)
Event: 1.036 Thread 0x000000001770d800 nmethod 1014 0x00000000030669d0 code [0x0000000003066b20, 0x0000000003066c70]
Event: 1.036 Thread 0x000000001770d800 1017       3       com.android.dx.cf.code.BaseMachine::popArgs (62 bytes)
Event: 1.037 Thread 0x000000001770d800 nmethod 1017 0x0000000003075490 code [0x0000000003075640, 0x0000000003075cd8]
Event: 1.037 Thread 0x000000001770d800 1015       3       com.android.dx.dex.code.RopTranslator$LocalVariableAwareTranslationVisitor::visitThrowingCstInsn (11 bytes)
Event: 1.037 Thread 0x000000001770d800 nmethod 1015 0x000000000307af10 code [0x000000000307b120, 0x000000000307bc78]
Event: 1.038 Thread 0x000000001770d800 1016       3       com.android.dx.dex.code.RopTranslator$TranslationVisitor::visitThrowingCstInsn (225 bytes)

GC Heap History (0 events):
No events

Deoptimization events (9 events):
Event: 0.581 Thread 0x0000000017874000 Uncommon trap: reason=unstable_if action=reinterpret pc=0x0000000002e84348 method=java.util.HashMap.getNode(ILjava/lang/Object;)Ljava/util/HashMap$Node; @ 62
Event: 0.612 Thread 0x0000000017874000 Uncommon trap: reason=unstable_if action=reinterpret pc=0x0000000002e656e4 method=com.android.dx.rop.cst.CstFieldRef.compareTo0(Lcom/android/dx/rop/cst/Constant;)I @ 7
Event: 0.888 Thread 0x000000000270d800 Uncommon trap: reason=unloaded action=reinterpret pc=0x0000000002f3c884 method=com.android.dx.cf.cst.ConstantPoolParser.parse0(ILjava/util/BitSet;)Lcom/android/dx/rop/cst/Constant; @ 475
Event: 0.888 Thread 0x000000000270d800 Uncommon trap: reason=unstable_if action=reinterpret pc=0x0000000002e1f6d0 method=java.lang.String.<init>([CII)V @ 18
Event: 0.891 Thread 0x000000000270d800 Uncommon trap: reason=unstable_if action=reinterpret pc=0x0000000002f25238 method=com.android.dx.rop.cst.StdConstantPool.set(ILcom/android/dx/rop/cst/Constant;)V @ 12
Event: 0.896 Thread 0x00000000178aa000 Uncommon trap: reason=class_check action=maybe_recompile pc=0x0000000002f55548 method=com.android.dx.ssa.SsaBasicBlock.forEachInsn(Lcom/android/dx/ssa/SsaInsn$Visitor;)V @ 23
Event: 0.896 Thread 0x00000000178aa000 Uncommon trap: reason=class_check action=maybe_recompile pc=0x0000000002f55548 method=com.android.dx.ssa.SsaBasicBlock.forEachInsn(Lcom/android/dx/ssa/SsaInsn$Visitor;)V @ 23
Event: 0.896 Thread 0x00000000178aa000 Uncommon trap: reason=class_check action=maybe_recompile pc=0x0000000002f55548 method=com.android.dx.ssa.SsaBasicBlock.forEachInsn(Lcom/android/dx/ssa/SsaInsn$Visitor;)V @ 23
Event: 0.896 Thread 0x00000000178aa000 Uncommon trap: reason=class_check action=maybe_recompile pc=0x0000000002f55548 method=com.android.dx.ssa.SsaBasicBlock.forEachInsn(Lcom/android/dx/ssa/SsaInsn$Visitor;)V @ 23

Classes redefined (0 events):
No events

Internal exceptions (2 events):
Event: 0.036 Thread 0x000000000270d800 Exception <a 'java/lang/NoSuchMethodError': Method sun.misc.Unsafe.defineClass(Ljava/lang/String;[BII)Ljava/lang/Class; name or signature does not match> (0x00000000eab07ca8) thrown at [D:\src\AOSP-openjdk-cygwin\jdk8u\hotspot\src\share\vm\prims\jni.cpp, 
Event: 0.036 Thread 0x000000000270d800 Exception <a 'java/lang/NoSuchMethodError': Method sun.misc.Unsafe.prefetchRead(Ljava/lang/Object;J)V name or signature does not match> (0x00000000eab07f90) thrown at [D:\src\AOSP-openjdk-cygwin\jdk8u\hotspot\src\share\vm\prims\jni.cpp, line 4011]

Events (10 events):
Event: 0.956 loading class com/android/dx/dex/file/AnnotationSetRefItem
Event: 0.956 loading class com/android/dx/dex/file/AnnotationSetRefItem done
Event: 0.957 loading class com/android/dx/rop/code/RegOps
Event: 0.957 loading class com/android/dx/rop/code/RegOps done
Event: 0.960 loading class com/android/dx/dex/file/MethodAnnotationStruct
Event: 0.960 loading class com/android/dx/dex/file/MethodAnnotationStruct done
Event: 0.994 loading class com/android/dx/ssa/back/FirstFitLocalCombiningAllocator$Multiset
Event: 0.994 loading class com/android/dx/ssa/back/FirstFitLocalCombiningAllocator$Multiset done
Event: 1.023 loading class java/util/DualPivotQuicksort
Event: 1.023 loading class java/util/DualPivotQuicksort done


Dynamic libraries:
0x00007ff628130000 - 0x00007ff628161000 	C:\Android\Android Studio\jre\bin\java.exe
0x00007ffdb89d0000 - 0x00007ffdb8bb1000 	C:\WINDOWS\SYSTEM32\ntdll.dll
0x00007ffdb81d0000 - 0x00007ffdb8282000 	C:\WINDOWS\System32\KERNEL32.DLL
0x00007ffdb5680000 - 0x00007ffdb58f3000 	C:\WINDOWS\System32\KERNELBASE.dll
0x00007ffdb6200000 - 0x00007ffdb62a1000 	C:\WINDOWS\System32\ADVAPI32.dll
0x00007ffdb5e60000 - 0x00007ffdb5efe000 	C:\WINDOWS\System32\msvcrt.dll
0x00007ffdb8170000 - 0x00007ffdb81cb000 	C:\WINDOWS\System32\sechost.dll
0x00007ffdb5f30000 - 0x00007ffdb6054000 	C:\WINDOWS\System32\RPCRT4.dll
0x00007ffdb6400000 - 0x00007ffdb6590000 	C:\WINDOWS\System32\USER32.dll
0x00007ffdb4e40000 - 0x00007ffdb4e60000 	C:\WINDOWS\System32\win32u.dll
0x00007ffdb5f00000 - 0x00007ffdb5f28000 	C:\WINDOWS\System32\GDI32.dll
0x00007ffdb5cc0000 - 0x00007ffdb5e52000 	C:\WINDOWS\System32\gdi32full.dll
0x00007ffdb4da0000 - 0x00007ffdb4e3f000 	C:\WINDOWS\System32\msvcp_win.dll
0x00007ffdb5bc0000 - 0x00007ffdb5cba000 	C:\WINDOWS\System32\ucrtbase.dll
0x00007ffda9390000 - 0x00007ffda95f9000 	C:\WINDOWS\WinSxS\amd64_microsoft.windows.common-controls_6595b64144ccf1df_6.0.17134.165_none_fb429645306569ac\COMCTL32.dll
0x00007ffdb8570000 - 0x00007ffdb8893000 	C:\WINDOWS\System32\combase.dll
0x00007ffdb5900000 - 0x00007ffdb597a000 	C:\WINDOWS\System32\bcryptPrimitives.dll
0x00007ffdb6600000 - 0x00007ffdb662d000 	C:\WINDOWS\System32\IMM32.DLL
0x0000000068f20000 - 0x0000000068ff2000 	C:\Android\Android Studio\jre\jre\bin\msvcr100.dll
0x0000000067960000 - 0x000000006819f000 	C:\Android\Android Studio\jre\jre\bin\server\jvm.dll
0x00007ffdb8560000 - 0x00007ffdb8568000 	C:\WINDOWS\System32\PSAPI.DLL
0x00007ffd9cb50000 - 0x00007ffd9cb59000 	C:\WINDOWS\SYSTEM32\WSOCK32.dll
0x00007ffdac980000 - 0x00007ffdac98a000 	C:\WINDOWS\SYSTEM32\VERSION.dll
0x00007ffdb2f50000 - 0x00007ffdb2f73000 	C:\WINDOWS\SYSTEM32\WINMM.dll
0x00007ffdb8920000 - 0x00007ffdb898c000 	C:\WINDOWS\System32\WS2_32.dll
0x00007ffdb2e00000 - 0x00007ffdb2e2a000 	C:\WINDOWS\SYSTEM32\winmmbase.dll
0x00007ffdb5980000 - 0x00007ffdb59c9000 	C:\WINDOWS\System32\cfgmgr32.dll
0x00007ffdb00b0000 - 0x00007ffdb00bf000 	C:\Android\Android Studio\jre\jre\bin\verify.dll
0x00007ffda9db0000 - 0x00007ffda9dd9000 	C:\Android\Android Studio\jre\jre\bin\java.dll
0x00007ffdab210000 - 0x00007ffdab226000 	C:\Android\Android Studio\jre\jre\bin\zip.dll
0x00007ffdb6630000 - 0x00007ffdb7a70000 	C:\WINDOWS\System32\SHELL32.dll
0x00007ffdb7c70000 - 0x00007ffdb7d19000 	C:\WINDOWS\System32\shcore.dll
0x00007ffdb4e60000 - 0x00007ffdb556d000 	C:\WINDOWS\System32\windows.storage.dll
0x00007ffdb62b0000 - 0x00007ffdb6301000 	C:\WINDOWS\System32\shlwapi.dll
0x00007ffdb4d30000 - 0x00007ffdb4d41000 	C:\WINDOWS\System32\kernel.appcore.dll
0x00007ffdb4d10000 - 0x00007ffdb4d2f000 	C:\WINDOWS\System32\profapi.dll
0x00007ffdb4d50000 - 0x00007ffdb4d9c000 	C:\WINDOWS\System32\powrprof.dll
0x00007ffdb4ce0000 - 0x00007ffdb4cea000 	C:\WINDOWS\System32\FLTLIB.DLL

VM Arguments:
jvm_args: -Djava.awt.headless=true -Xmx1024M -Dfile.encoding=GBK -Duser.country=CN -Duser.language=zh -Duser.variant 
java_command: com.android.dx.command.Main --dex --num-threads=4 --output C:\Android\workspace\MyApp\app\build\intermediates\pre-dexed\debug\debug_6b89ee7f0ce06ab7ca4c3b7fe25fbaac3791bf00.jar C:\Android\workspace\MyApp\app\build\intermediates\classes\debug
java_class_path (initial): C:\Android\sdk\build-tools\25.0.0\lib\dx.jar
Launcher Type: SUN_STANDARD

Environment Variables:
JAVA_HOME=C:\Program Files\Java\jdk1.8.0_20
CLASSPATH=.;C:\Program Files\Java\jdk1.8.0_20\lib\dt.jar;C:\Program Files\Java\jdk1.8.0_20\lib\tools.jar;
PATH=C:\Program Files (x86)\Common Files\Oracle\Java\javapath;C:\ProgramData\Oracle\Java\javapath;C:\WINDOWS\system32;C:\WINDOWS;C:\WINDOWS\System32\Wbem;C:\WINDOWS\System32\WindowsPowerShell\v1.0\;C:\Program Files\Java\jdk1.8.0_20\bin;C:\Program Files\Java\jdk1.8.0_20\jre\bin;C:\Program Files\Git\cmd;C:\WINDOWS\System32\OpenSSH\;C:\Users\Åôì÷\AppData\Local\Microsoft\WindowsApps;
USERNAME=Åôì÷
OS=Windows_NT
PROCESSOR_IDENTIFIER=Intel64 Family 6 Model 60 Stepping 3, GenuineIntel



---------------  S Y S T E M  ---------------

OS: Windows 10.0 , 64 bit Build 17134 (10.0.17134.1)

CPU:total 8 (initial active 8) (4 cores per cpu, 2 threads per core) family 6 model 60 stepping 3, cmov, cx8, fxsr, mmx, sse, sse2, sse3, ssse3, sse4.1, sse4.2, popcnt, avx, avx2, aes, clmul, erms, lzcnt, ht, tsc, tscinvbit, bmi1, bmi2

Memory: 4k page, physical 8312856k(1525692k free), swap 10410008k(3264k free)

vm_info: OpenJDK 64-Bit Server VM (25.152-b02) for windows-amd64 JRE (1.8.0_152-release-1024-b02), built by "builder" with MS VC++ 10.0 (VS2010)

time: Wed Aug 15 18:08:55 2018
elapsed time: 1 seconds (0d 0h 0m 1s)

