#
# There is insufficient memory for the Java Runtime Environment to continue.
# Native memory allocation (malloc) failed to allocate 32744 bytes for ChunkPool::allocate
# Possible reasons:
#   The system is out of physical RAM or swap space
#   In 32 bit mode, the process size limit was hit
# Possible solutions:
#   Reduce memory load on the system
#   Increase physical memory or swap space
#   Check if swap backing store is full
#   Use 64 bit Java on a 64 bit OS
#   Decrease Java heap size (-Xmx/-Xms)
#   Decrease number of Java threads
#   Decrease Java thread stack sizes (-Xss)
#   Set larger code cache with -XX:ReservedCodeCacheSize=
# This output file may be truncated or incomplete.
#
#  Out of Memory Error (allocation.cpp:273), pid=25608, tid=0x00000000000007bc
#
# JRE version: OpenJDK Runtime Environment (8.0_152-b02) (build 1.8.0_152-release-1024-b02)
# Java VM: OpenJDK 64-Bit Server VM (25.152-b02 mixed mode windows-amd64 compressed oops)
# Failed to write core dump. Minidumps are not enabled by default on client versions of Windows
#

---------------  T H R E A D  ---------------

Current thread (0x00000000181c1000):  JavaThread "C1 CompilerThread3" daemon [_thread_in_native, id=1980, stack(0x0000000018b20000,0x0000000018c20000)]

Stack: [0x0000000018b20000,0x0000000018c20000]
[error occurred during error reporting (printing stack bounds), id 0xc0000005]

Native frames: (J=compiled Java code, j=interpreted, Vv=VM code, C=native code)


Current CompileTask:
C1:   1364 1268   !   3       com.android.dx.cf.code.BytecodeArray::parseInstruction (2764 bytes)


---------------  P R O C E S S  ---------------

Java Threads: ( => current thread )
  0x00000000182e6000 JavaThread "pool-1-thread-4" [_thread_blocked, id=20192, stack(0x0000000019220000,0x0000000019320000)]
  0x00000000182db000 JavaThread "pool-1-thread-3" [_thread_blocked, id=16828, stack(0x0000000019120000,0x0000000019220000)]
  0x00000000182da000 JavaThread "pool-1-thread-2" [_thread_blocked, id=4940, stack(0x0000000019020000,0x0000000019120000)]
  0x00000000182d1800 JavaThread "pool-2-thread-1" [_thread_blocked, id=29620, stack(0x0000000018f20000,0x0000000019020000)]
  0x00000000182ce800 JavaThread "pool-1-thread-1" [_thread_blocked, id=15628, stack(0x0000000018e20000,0x0000000018f20000)]
  0x00000000181c2000 JavaThread "Service Thread" daemon [_thread_blocked, id=18964, stack(0x0000000018c20000,0x0000000018d20000)]
=>0x00000000181c1000 JavaThread "C1 CompilerThread3" daemon [_thread_in_native, id=1980, stack(0x0000000018b20000,0x0000000018c20000)]
  0x00000000181a1000 JavaThread "C2 CompilerThread2" daemon [_thread_in_native, id=27336, stack(0x0000000018a20000,0x0000000018b20000)]
  0x00000000161ee800 JavaThread "C2 CompilerThread1" daemon [_thread_in_native, id=25636, stack(0x0000000018920000,0x0000000018a20000)]
  0x00000000180fb000 JavaThread "C2 CompilerThread0" daemon [_thread_blocked, id=1700, stack(0x0000000018820000,0x0000000018920000)]
  0x00000000180fa000 JavaThread "Attach Listener" daemon [_thread_blocked, id=15256, stack(0x0000000018720000,0x0000000018820000)]
  0x0000000018150000 JavaThread "Signal Dispatcher" daemon [_thread_blocked, id=28112, stack(0x0000000018620000,0x0000000018720000)]
  0x00000000036b9000 JavaThread "Finalizer" daemon [_thread_blocked, id=17440, stack(0x00000000184c0000,0x00000000185c0000)]
  0x00000000036b7800 JavaThread "Reference Handler" daemon [_thread_blocked, id=8288, stack(0x0000000017fc0000,0x00000000180c0000)]
  0x0000000002ffd800 JavaThread "main" [_thread_blocked, id=14208, stack(0x00000000034c0000,0x00000000035c0000)]

Other Threads:
  0x00000000161d7000 VMThread [stack: 0x0000000017ec0000,0x0000000017fc0000] [id=18616]
  0x00000000181c3000 WatcherThread [stack: 0x0000000018d20000,0x0000000018e20000] [id=1184]

VM state:not at safepoint (normal execution)

VM Mutex/Monitor currently owned by a thread:  ([mutex/lock_event])
[0x0000000002ffc3f0] Heap_lock - owner thread: 0x00000000182ce800

Heap:
 PSYoungGen      total 38400K, used 5106K [0x00000000eab00000, 0x00000000ed580000, 0x0000000100000000)
  eden space 33280K, 0% used [0x00000000eab00000,0x00000000eab00040,0x00000000ecb80000)
  from space 5120K, 99% used [0x00000000ecb80000,0x00000000ed07cae8,0x00000000ed080000)
  to   space 5120K, 0% used [0x00000000ed080000,0x00000000ed080000,0x00000000ed580000)
 ParOldGen       total 87552K, used 2307K [0x00000000c0000000, 0x00000000c5580000, 0x00000000eab00000)
  object space 87552K, 2% used [0x00000000c0000000,0x00000000c0240f98,0x00000000c5580000)
 Metaspace       used 5941K, capacity 6960K, committed 7040K, reserved 1056768K
  class space    used 575K, capacity 616K, committed 640K, reserved 1048576K

Card table byte_map: [0x0000000012a80000,0x0000000012c90000] byte_map_base: 0x0000000012480000

Marking Bits: (ParMarkBitMap*) 0x0000000069524970
 Begin Bits: [0x00000000135f0000, 0x00000000145f0000)
 End Bits:   [0x00000000145f0000, 0x00000000155f0000)

Polling page: 0x0000000001310000

CodeCache: size=245760Kb used=5141Kb max_used=5153Kb free=240618Kb
 bounds [0x00000000036c0000, 0x0000000003bd0000, 0x00000000126c0000]
 total_blobs=1529 nmethods=1266 adapters=177
 compilation: enabled

Compilation events (10 events):
Event: 1.302 Thread 0x00000000181c1000 1264       3       com.android.dx.rop.cst.TypedConstant::getBasicFrameType (8 bytes)
Event: 1.302 Thread 0x00000000181c1000 nmethod 1264 0x0000000003bc6650 code [0x0000000003bc67c0, 0x0000000003bc6a98]
Event: 1.302 Thread 0x00000000180fb000 1265       4       java.util.ArrayList::ensureCapacityInternal (23 bytes)
Event: 1.303 Thread 0x00000000181c1000 1267   !   3       com.android.dx.cf.code.OneLocalsArray::set (106 bytes)
Event: 1.304 Thread 0x00000000181c1000 nmethod 1267 0x0000000003bc6b90 code [0x0000000003bc6de0, 0x0000000003bc7c18]
Event: 1.304 Thread 0x00000000181c1000 1268   !   3       com.android.dx.cf.code.BytecodeArray::parseInstruction (2764 bytes)
Event: 1.349 Thread 0x00000000180fb000 nmethod 1265 0x0000000003bcc610 code [0x0000000003bcc760, 0x0000000003bcc9d8]
Event: 1.349 Thread 0x00000000180fb000 1269   !   4       com.android.dx.rop.code.BasicBlock::<init> (273 bytes)
Event: 1.350 Thread 0x00000000181a1000 nmethod 1257 0x0000000003bc85d0 code [0x0000000003bc8760, 0x0000000003bc8fc8]
Event: 1.350 Thread 0x00000000181a1000 1266       4       com.android.dx.ssa.SCCP::simulateBranch (666 bytes)

GC Heap History (2 events):
Event: 1.304 GC heap before
{Heap before GC invocations=1 (full 0):
 PSYoungGen      total 38400K, used 33280K [0x00000000eab00000, 0x00000000ed580000, 0x0000000100000000)
  eden space 33280K, 100% used [0x00000000eab00000,0x00000000ecb80000,0x00000000ecb80000)
  from space 5120K, 0% used [0x00000000ed080000,0x00000000ed080000,0x00000000ed580000)
  to   space 5120K, 0% used [0x00000000ecb80000,0x00000000ecb80000,0x00000000ed080000)
 ParOldGen       total 87552K, used 0K [0x00000000c0000000, 0x00000000c5580000, 0x00000000eab00000)
  object space 87552K, 0% used [0x00000000c0000000,0x00000000c0000000,0x00000000c5580000)
 Metaspace       used 5941K, capacity 6960K, committed 7040K, reserved 1056768K
  class space    used 575K, capacity 616K, committed 640K, reserved 1048576K
Event: 1.349 GC heap after
Heap after GC invocations=1 (full 0):
 PSYoungGen      total 38400K, used 5106K [0x00000000eab00000, 0x00000000ed580000, 0x0000000100000000)
  eden space 33280K, 0% used [0x00000000eab00000,0x00000000eab00000,0x00000000ecb80000)
  from space 5120K, 99% used [0x00000000ecb80000,0x00000000ed07cae8,0x00000000ed080000)
  to   space 5120K, 0% used [0x00000000ed080000,0x00000000ed080000,0x00000000ed580000)
 ParOldGen       total 87552K, used 2307K [0x00000000c0000000, 0x00000000c5580000, 0x00000000eab00000)
  object space 87552K, 2% used [0x00000000c0000000,0x00000000c0240f98,0x00000000c5580000)
 Metaspace       used 5941K, capacity 6960K, committed 7040K, reserved 1056768K
  class space    used 575K, capacity 616K, committed 640K, reserved 1048576K
}

Deoptimization events (10 events):
Event: 0.844 Thread 0x00000000182db000 Uncommon trap: reason=class_check action=maybe_recompile pc=0x00000000039f8ad8 method=com.android.dx.ssa.NormalSsaInsn.accept(Lcom/android/dx/ssa/SsaInsn$Visitor;)V @ 9
Event: 0.845 Thread 0x00000000182db000 Uncommon trap: reason=class_check action=maybe_recompile pc=0x00000000039f8ad8 method=com.android.dx.ssa.NormalSsaInsn.accept(Lcom/android/dx/ssa/SsaInsn$Visitor;)V @ 9
Event: 0.845 Thread 0x00000000182db000 Uncommon trap: reason=class_check action=maybe_recompile pc=0x00000000039f8ad8 method=com.android.dx.ssa.NormalSsaInsn.accept(Lcom/android/dx/ssa/SsaInsn$Visitor;)V @ 9
Event: 0.845 Thread 0x00000000182db000 Uncommon trap: reason=class_check action=maybe_recompile pc=0x0000000003925f30 method=com.android.dx.ssa.NormalSsaInsn.accept(Lcom/android/dx/ssa/SsaInsn$Visitor;)V @ 9
Event: 0.866 Thread 0x0000000002ffd800 Uncommon trap: reason=unstable_if action=reinterpret pc=0x000000000384a6cc method=java.lang.String.<init>([CII)V @ 18
Event: 0.867 Thread 0x0000000002ffd800 Uncommon trap: reason=unstable_if action=reinterpret pc=0x00000000039711f8 method=com.android.dx.rop.cst.StdConstantPool.set(ILcom/android/dx/rop/cst/Constant;)V @ 12
Event: 0.869 Thread 0x00000000182ce800 Uncommon trap: reason=null_check action=make_not_entrant pc=0x0000000003a23028 method=com.android.dx.rop.type.Type.equals(Ljava/lang/Object;)Z @ 8
Event: 1.203 Thread 0x00000000182e6000 Uncommon trap: reason=class_check action=maybe_recompile pc=0x0000000003b193e4 method=com.android.dx.cf.code.BytecodeArray.parseInstruction(ILcom/android/dx/cf/code/BytecodeArray$Visitor;)I @ 891
Event: 1.238 Thread 0x00000000182db000 Uncommon trap: reason=class_check action=maybe_recompile pc=0x0000000003b193e4 method=com.android.dx.cf.code.BytecodeArray.parseInstruction(ILcom/android/dx/cf/code/BytecodeArray$Visitor;)I @ 891
Event: 1.303 Thread 0x00000000182ce800 Uncommon trap: reason=uninitialized action=reinterpret pc=0x0000000003b18da0 method=com.android.dx.cf.code.BytecodeArray.parseInstruction(ILcom/android/dx/cf/code/BytecodeArray$Visitor;)I @ 1031

Classes redefined (0 events):
No events

Internal exceptions (3 events):
Event: 0.055 Thread 0x0000000002ffd800 Exception <a 'java/lang/NoSuchMethodError': Method sun.misc.Unsafe.defineClass(Ljava/lang/String;[BII)Ljava/lang/Class; name or signature does not match> (0x00000000eab07ca8) thrown at [D:\src\AOSP-openjdk-cygwin\jdk8u\hotspot\src\share\vm\prims\jni.cpp, 
Event: 0.056 Thread 0x0000000002ffd800 Exception <a 'java/lang/NoSuchMethodError': Method sun.misc.Unsafe.prefetchRead(Ljava/lang/Object;J)V name or signature does not match> (0x00000000eab07f90) thrown at [D:\src\AOSP-openjdk-cygwin\jdk8u\hotspot\src\share\vm\prims\jni.cpp, line 4011]
Event: 0.869 Thread 0x00000000182ce800 Implicit null exception at 0x0000000003a22f22 to 0x0000000003a2301a

Events (10 events):
Event: 1.238 Thread 0x00000000182db000 Uncommon trap: trap_request=0xffffffde fr.pc=0x0000000003b193e4
Event: 1.238 Thread 0x00000000182db000 DEOPT PACKING pc=0x0000000003b193e4 sp=0x000000001921e650
Event: 1.238 Thread 0x00000000182db000 DEOPT UNPACKING pc=0x000000000370557b sp=0x000000001921e5c0 mode 2
Event: 1.252 Thread 0x00000000182db000 DEOPT PACKING pc=0x0000000003966f27 sp=0x000000001921e630
Event: 1.252 Thread 0x00000000182db000 DEOPT UNPACKING pc=0x00000000037075d0 sp=0x000000001921e3c8 mode 0
Event: 1.303 Thread 0x00000000182ce800 Uncommon trap: trap_request=0xffffffb5 fr.pc=0x0000000003b18da0
Event: 1.303 Thread 0x00000000182ce800 DEOPT PACKING pc=0x0000000003b18da0 sp=0x0000000018f1e720
Event: 1.303 Thread 0x00000000182ce800 DEOPT UNPACKING pc=0x000000000370557b sp=0x0000000018f1e6a0 mode 2
Event: 1.304 Executing VM operation: ParallelGCFailedAllocation
Event: 1.349 Executing VM operation: ParallelGCFailedAllocation done


Dynamic libraries:
0x00007ff735980000 - 0x00007ff7359b1000 	C:\Android\Android Studio\jre\bin\java.exe
0x00007ffdf9490000 - 0x00007ffdf9671000 	C:\WINDOWS\SYSTEM32\ntdll.dll
0x00007ffdf8740000 - 0x00007ffdf87f2000 	C:\WINDOWS\System32\KERNEL32.DLL
0x00007ffdf6490000 - 0x00007ffdf6703000 	C:\WINDOWS\System32\KERNELBASE.dll
0x00007ffdf8b60000 - 0x00007ffdf8c01000 	C:\WINDOWS\System32\ADVAPI32.dll
0x00007ffdf6ac0000 - 0x00007ffdf6b5e000 	C:\WINDOWS\System32\msvcrt.dll
0x00007ffdf8580000 - 0x00007ffdf85db000 	C:\WINDOWS\System32\sechost.dll
0x00007ffdf9280000 - 0x00007ffdf93a4000 	C:\WINDOWS\System32\RPCRT4.dll
0x00007ffdf8960000 - 0x00007ffdf8af0000 	C:\WINDOWS\System32\USER32.dll
0x00007ffdf6710000 - 0x00007ffdf6730000 	C:\WINDOWS\System32\win32u.dll
0x00007ffdf9190000 - 0x00007ffdf91b8000 	C:\WINDOWS\System32\GDI32.dll
0x00007ffdf62f0000 - 0x00007ffdf6482000 	C:\WINDOWS\System32\gdi32full.dll
0x00007ffdf6150000 - 0x00007ffdf61ef000 	C:\WINDOWS\System32\msvcp_win.dll
0x00007ffdf61f0000 - 0x00007ffdf62ea000 	C:\WINDOWS\System32\ucrtbase.dll
0x00007ffdeb320000 - 0x00007ffdeb589000 	C:\WINDOWS\WinSxS\amd64_microsoft.windows.common-controls_6595b64144ccf1df_6.0.17134.228_none_fb4599993062b194\COMCTL32.dll
0x00007ffdf8cb0000 - 0x00007ffdf8fd3000 	C:\WINDOWS\System32\combase.dll
0x00007ffdf5960000 - 0x00007ffdf59da000 	C:\WINDOWS\System32\bcryptPrimitives.dll
0x00007ffdf9430000 - 0x00007ffdf945d000 	C:\WINDOWS\System32\IMM32.DLL
0x000000006ac60000 - 0x000000006ad32000 	C:\Android\Android Studio\jre\jre\bin\msvcr100.dll
0x0000000068d60000 - 0x000000006959f000 	C:\Android\Android Studio\jre\jre\bin\server\jvm.dll
0x00007ffdf8800000 - 0x00007ffdf8808000 	C:\WINDOWS\System32\PSAPI.DLL
0x00007ffde9910000 - 0x00007ffde9919000 	C:\WINDOWS\SYSTEM32\WSOCK32.dll
0x00007ffdf8af0000 - 0x00007ffdf8b5c000 	C:\WINDOWS\System32\WS2_32.dll
0x00007ffded770000 - 0x00007ffded793000 	C:\WINDOWS\SYSTEM32\WINMM.dll
0x00007ffdebad0000 - 0x00007ffdebada000 	C:\WINDOWS\SYSTEM32\VERSION.dll
0x00007ffded740000 - 0x00007ffded76a000 	C:\WINDOWS\SYSTEM32\winmmbase.dll
0x00007ffdf5910000 - 0x00007ffdf5959000 	C:\WINDOWS\System32\cfgmgr32.dll
0x00007ffdf2ac0000 - 0x00007ffdf2acf000 	C:\Android\Android Studio\jre\jre\bin\verify.dll
0x00007ffdf1870000 - 0x00007ffdf1899000 	C:\Android\Android Studio\jre\jre\bin\java.dll
0x00007ffdf1850000 - 0x00007ffdf1866000 	C:\Android\Android Studio\jre\jre\bin\zip.dll
0x00007ffdf7140000 - 0x00007ffdf8580000 	C:\WINDOWS\System32\SHELL32.dll
0x00007ffdf91d0000 - 0x00007ffdf9279000 	C:\WINDOWS\System32\shcore.dll
0x00007ffdf59e0000 - 0x00007ffdf60ed000 	C:\WINDOWS\System32\windows.storage.dll
0x00007ffdf9040000 - 0x00007ffdf9091000 	C:\WINDOWS\System32\shlwapi.dll
0x00007ffdf5830000 - 0x00007ffdf5841000 	C:\WINDOWS\System32\kernel.appcore.dll
0x00007ffdf57c0000 - 0x00007ffdf57df000 	C:\WINDOWS\System32\profapi.dll
0x00007ffdf57e0000 - 0x00007ffdf582c000 	C:\WINDOWS\System32\powrprof.dll
0x00007ffdf5850000 - 0x00007ffdf585a000 	C:\WINDOWS\System32\FLTLIB.DLL

VM Arguments:
jvm_args: -Djava.awt.headless=true -Xmx1024M -Dfile.encoding=GBK -Duser.country=CN -Duser.language=zh -Duser.variant 
java_command: com.android.dx.command.Main --dex --num-threads=4 --output C:\Android\workspace\MyApp\app\build\intermediates\pre-dexed\debug\debug_6b89ee7f0ce06ab7ca4c3b7fe25fbaac3791bf00.jar C:\Android\workspace\MyApp\app\build\intermediates\classes\debug
java_class_path (initial): C:\Android\sdk\build-tools\25.0.0\lib\dx.jar
Launcher Type: SUN_STANDARD

Environment Variables:
JAVA_HOME=C:\Program Files\Java\jdk1.8.0_20
CLASSPATH=.;C:\Program Files\Java\jdk1.8.0_20\lib\dt.jar;C:\Program Files\Java\jdk1.8.0_20\lib\tools.jar;
PATH=C:\Program Files (x86)\Common Files\Oracle\Java\javapath;C:\ProgramData\Oracle\Java\javapath;C:\WINDOWS\system32;C:\WINDOWS;C:\WINDOWS\System32\Wbem;C:\WINDOWS\System32\WindowsPowerShell\v1.0\;C:\Program Files\Java\jdk1.8.0_20\bin;C:\Program Files\Java\jdk1.8.0_20\jre\bin;C:\Program Files\Git\cmd;C:\WINDOWS\System32\OpenSSH\;C:\Users\Åôì÷\AppData\Local\Microsoft\WindowsApps;
USERNAME=Åôì÷
OS=Windows_NT
PROCESSOR_IDENTIFIER=Intel64 Family 6 Model 60 Stepping 3, GenuineIntel



---------------  S Y S T E M  ---------------

OS: Windows 10.0 , 64 bit Build 17134 (10.0.17134.1)

CPU:total 8 (initial active 8) (4 cores per cpu, 2 threads per core) family 6 model 60 stepping 3, cmov, cx8, fxsr, mmx, sse, sse2, sse3, ssse3, sse4.1, sse4.2, popcnt, avx, avx2, aes, clmul, erms, lzcnt, ht, tsc, tscinvbit, bmi1, bmi2

Memory: 4k page, physical 8312856k(1597904k free), swap 10410008k(4944k free)

vm_info: OpenJDK 64-Bit Server VM (25.152-b02) for windows-amd64 JRE (1.8.0_152-release-1024-b02), built by "builder" with MS VC++ 10.0 (VS2010)

time: Fri Aug 24 17:09:31 2018
elapsed time: 1 seconds (0d 0h 0m 1s)

