#
# There is insufficient memory for the Java Runtime Environment to continue.
# Native memory allocation (malloc) failed to allocate 251136 bytes for Chunk::new
# Possible reasons:
#   The system is out of physical RAM or swap space
#   In 32 bit mode, the process size limit was hit
# Possible solutions:
#   Reduce memory load on the system
#   Increase physical memory or swap space
#   Check if swap backing store is full
#   Use 64 bit Java on a 64 bit OS
#   Decrease Java heap size (-Xmx/-Xms)
#   Decrease number of Java threads
#   Decrease Java thread stack sizes (-Xss)
#   Set larger code cache with -XX:ReservedCodeCacheSize=
# This output file may be truncated or incomplete.
#
#  Out of Memory Error (allocation.cpp:390), pid=28772, tid=0x0000000000007020
#
# JRE version: OpenJDK Runtime Environment (8.0_152-b02) (build 1.8.0_152-release-1024-b02)
# Java VM: OpenJDK 64-Bit Server VM (25.152-b02 mixed mode windows-amd64 compressed oops)
# Failed to write core dump. Minidumps are not enabled by default on client versions of Windows
#

---------------  T H R E A D  ---------------

Current thread (0x000000001779e000):  JavaThread "C2 CompilerThread0" daemon [_thread_in_native, id=28704, stack(0x0000000017e70000,0x0000000017f70000)]

Stack: [0x0000000017e70000,0x0000000017f70000]
[error occurred during error reporting (printing stack bounds), id 0xc0000005]

Native frames: (J=compiled Java code, j=interpreted, Vv=VM code, C=native code)


Current CompileTask:
C2:   1385 1460       4       com.android.dx.ssa.SsaMethod::computeReachability (131 bytes)


---------------  P R O C E S S  ---------------

Java Threads: ( => current thread )
  0x0000000018484800 JavaThread "pool-1-thread-4" [_thread_in_Java, id=21312, stack(0x0000000019070000,0x0000000019170000)]
  0x0000000017a67800 JavaThread "pool-1-thread-3" [_thread_blocked, id=7172, stack(0x0000000018f70000,0x0000000019070000)]
  0x0000000017a11800 JavaThread "pool-1-thread-2" [_thread_in_Java, id=16512, stack(0x0000000018e70000,0x0000000018f70000)]
  0x0000000017ad6800 JavaThread "pool-2-thread-1" [_thread_blocked, id=21904, stack(0x0000000018d70000,0x0000000018e70000)]
  0x0000000017ad6000 JavaThread "pool-1-thread-1" [_thread_in_Java, id=12116, stack(0x0000000018c70000,0x0000000018d70000)]
  0x00000000177c5000 JavaThread "Service Thread" daemon [_thread_blocked, id=7596, stack(0x0000000018270000,0x0000000018370000)]
  0x00000000177b7800 JavaThread "C1 CompilerThread3" daemon [_thread_blocked, id=13588, stack(0x0000000018170000,0x0000000018270000)]
  0x00000000177a5800 JavaThread "C2 CompilerThread2" daemon [_thread_in_native, id=5812, stack(0x0000000018070000,0x0000000018170000)]
  0x000000001584e000 JavaThread "C2 CompilerThread1" daemon [_thread_in_native, id=20304, stack(0x0000000017f70000,0x0000000018070000)]
=>0x000000001779e000 JavaThread "C2 CompilerThread0" daemon [_thread_in_native, id=28704, stack(0x0000000017e70000,0x0000000017f70000)]
  0x000000001774b000 JavaThread "Attach Listener" daemon [_thread_blocked, id=8592, stack(0x0000000017d70000,0x0000000017e70000)]
  0x000000001774a000 JavaThread "Signal Dispatcher" daemon [_thread_blocked, id=1900, stack(0x0000000017c70000,0x0000000017d70000)]
  0x0000000002d18800 JavaThread "Finalizer" daemon [_thread_blocked, id=16748, stack(0x0000000017b10000,0x0000000017c10000)]
  0x0000000002d17000 JavaThread "Reference Handler" daemon [_thread_blocked, id=5820, stack(0x0000000017610000,0x0000000017710000)]
  0x0000000002b1d800 JavaThread "main" [_thread_in_native, id=26692, stack(0x0000000002b20000,0x0000000002c20000)]

Other Threads:
  0x0000000015837000 VMThread [stack: 0x0000000017510000,0x0000000017610000] [id=13328]
  0x00000000177c5800 WatcherThread [stack: 0x0000000018370000,0x0000000018470000] [id=1704]

VM state:not at safepoint (normal execution)

VM Mutex/Monitor currently owned by a thread: None

Heap:
 PSYoungGen      total 38400K, used 14924K [0x00000000eab00000, 0x00000000ee700000, 0x0000000100000000)
  eden space 33280K, 29% used [0x00000000eab00000,0x00000000eb498c40,0x00000000ecb80000)
  from space 5120K, 99% used [0x00000000ecb80000,0x00000000ed07a610,0x00000000ed080000)
  to   space 5120K, 0% used [0x00000000ee200000,0x00000000ee200000,0x00000000ee700000)
 ParOldGen       total 60416K, used 7012K [0x00000000c0000000, 0x00000000c3b00000, 0x00000000eab00000)
  object space 60416K, 11% used [0x00000000c0000000,0x00000000c06d91c8,0x00000000c3b00000)
 Metaspace       used 6238K, capacity 7088K, committed 7296K, reserved 1058816K
  class space    used 589K, capacity 616K, committed 640K, reserved 1048576K

Card table byte_map: [0x00000000120e0000,0x00000000122f0000] byte_map_base: 0x0000000011ae0000

Marking Bits: (ParMarkBitMap*) 0x0000000069524970
 Begin Bits: [0x0000000012c50000, 0x0000000013c50000)
 End Bits:   [0x0000000013c50000, 0x0000000014c50000)

Polling page: 0x0000000000a60000

CodeCache: size=245760Kb used=5836Kb max_used=5839Kb free=239923Kb
 bounds [0x0000000002d20000, 0x00000000032e0000, 0x0000000011d20000]
 total_blobs=1780 nmethods=1512 adapters=182
 compilation: enabled

Compilation events (10 events):
Event: 1.380 Thread 0x00000000177b7800 nmethod 1542 0x00000000032bbf90 code [0x00000000032bc1a0, 0x00000000032bc7a8]
Event: 1.380 Thread 0x00000000177b7800 1543       2       com.android.dx.rop.cst.CstString::<init> (42 bytes)
Event: 1.381 Thread 0x00000000177b7800 nmethod 1543 0x00000000032bb910 code [0x00000000032bbaa0, 0x00000000032bbdb8]
Event: 1.382 Thread 0x00000000177b7800 1544       2       com.android.dx.cf.direct.FieldListParser::set (30 bytes)
Event: 1.383 Thread 0x00000000177b7800 nmethod 1544 0x00000000032bab10 code [0x00000000032bacc0, 0x00000000032bb1f8]
Event: 1.383 Thread 0x00000000177b7800 1545       2       com.android.dx.cf.iface.StdField::<init> (10 bytes)
Event: 1.383 Thread 0x00000000177b7800 nmethod 1545 0x00000000032ba790 code [0x00000000032ba900, 0x00000000032baa68]
Event: 1.383 Thread 0x00000000177b7800 1546       2       com.android.dx.cf.iface.StdFieldList::set (7 bytes)
Event: 1.383 Thread 0x00000000177b7800 nmethod 1546 0x00000000032b9c50 code [0x00000000032b9e00, 0x00000000032ba268]
Event: 1.383 Thread 0x00000000177b7800 1547       2       com.android.dx.dex.file.ClassDefItem::addVirtualMethod (9 bytes)

GC Heap History (8 events):
Event: 0.644 GC heap before
{Heap before GC invocations=1 (full 0):
 PSYoungGen      total 38400K, used 13314K [0x00000000eab00000, 0x00000000ed580000, 0x0000000100000000)
  eden space 33280K, 40% used [0x00000000eab00000,0x00000000eb8009d8,0x00000000ecb80000)
  from space 5120K, 0% used [0x00000000ed080000,0x00000000ed080000,0x00000000ed580000)
  to   space 5120K, 0% used [0x00000000ecb80000,0x00000000ecb80000,0x00000000ed080000)
 ParOldGen       total 87552K, used 0K [0x00000000c0000000, 0x00000000c5580000, 0x00000000eab00000)
  object space 87552K, 0% used [0x00000000c0000000,0x00000000c0000000,0x00000000c5580000)
 Metaspace       used 5250K, capacity 6160K, committed 6272K, reserved 1060864K
  class space    used 558K, capacity 584K, committed 640K, reserved 1048576K
Event: 0.658 GC heap after
Heap after GC invocations=1 (full 0):
 PSYoungGen      total 38400K, used 3031K [0x00000000eab00000, 0x00000000ed580000, 0x0000000100000000)
  eden space 33280K, 0% used [0x00000000eab00000,0x00000000eab00000,0x00000000ecb80000)
  from space 5120K, 59% used [0x00000000ecb80000,0x00000000ece75f00,0x00000000ed080000)
  to   space 5120K, 0% used [0x00000000ed080000,0x00000000ed080000,0x00000000ed580000)
 ParOldGen       total 87552K, used 8K [0x00000000c0000000, 0x00000000c5580000, 0x00000000eab00000)
  object space 87552K, 0% used [0x00000000c0000000,0x00000000c0002000,0x00000000c5580000)
 Metaspace       used 5250K, capacity 6160K, committed 6272K, reserved 1060864K
  class space    used 558K, capacity 584K, committed 640K, reserved 1048576K
}
Event: 0.658 GC heap before
{Heap before GC invocations=2 (full 1):
 PSYoungGen      total 38400K, used 3031K [0x00000000eab00000, 0x00000000ed580000, 0x0000000100000000)
  eden space 33280K, 0% used [0x00000000eab00000,0x00000000eab00000,0x00000000ecb80000)
  from space 5120K, 59% used [0x00000000ecb80000,0x00000000ece75f00,0x00000000ed080000)
  to   space 5120K, 0% used [0x00000000ed080000,0x00000000ed080000,0x00000000ed580000)
 ParOldGen       total 87552K, used 8K [0x00000000c0000000, 0x00000000c5580000, 0x00000000eab00000)
  object space 87552K, 0% used [0x00000000c0000000,0x00000000c0002000,0x00000000c5580000)
 Metaspace       used 5250K, capacity 6160K, committed 6272K, reserved 1060864K
  class space    used 558K, capacity 584K, committed 640K, reserved 1048576K
Event: 0.694 GC heap after
Heap after GC invocations=2 (full 1):
 PSYoungGen      total 38400K, used 0K [0x00000000eab00000, 0x00000000ed580000, 0x0000000100000000)
  eden space 33280K, 0% used [0x00000000eab00000,0x00000000eab00000,0x00000000ecb80000)
  from space 5120K, 0% used [0x00000000ecb80000,0x00000000ecb80000,0x00000000ed080000)
  to   space 5120K, 0% used [0x00000000ed080000,0x00000000ed080000,0x00000000ed580000)
 ParOldGen       total 60416K, used 2886K [0x00000000c0000000, 0x00000000c3b00000, 0x00000000eab00000)
  object space 60416K, 4% used [0x00000000c0000000,0x00000000c02d1938,0x00000000c3b00000)
 Metaspace       used 5250K, capacity 6160K, committed 6272K, reserved 1058816K
  class space    used 558K, capacity 584K, committed 640K, reserved 1048576K
}
Event: 1.100 GC heap before
{Heap before GC invocations=3 (full 1):
 PSYoungGen      total 38400K, used 33280K [0x00000000eab00000, 0x00000000ed580000, 0x0000000100000000)
  eden space 33280K, 100% used [0x00000000eab00000,0x00000000ecb80000,0x00000000ecb80000)
  from space 5120K, 0% used [0x00000000ecb80000,0x00000000ecb80000,0x00000000ed080000)
  to   space 5120K, 0% used [0x00000000ed080000,0x00000000ed080000,0x00000000ed580000)
 ParOldGen       total 60416K, used 2886K [0x00000000c0000000, 0x00000000c3b00000, 0x00000000eab00000)
  object space 60416K, 4% used [0x00000000c0000000,0x00000000c02d1938,0x00000000c3b00000)
 Metaspace       used 6062K, capacity 6896K, committed 7040K, reserved 1058816K
  class space    used 588K, capacity 616K, committed 640K, reserved 1048576K
Event: 1.105 GC heap after
Heap after GC invocations=3 (full 1):
 PSYoungGen      total 38400K, used 4673K [0x00000000eab00000, 0x00000000edd80000, 0x0000000100000000)
  eden space 33280K, 0% used [0x00000000eab00000,0x00000000eab00000,0x00000000ecb80000)
  from space 5120K, 91% used [0x00000000ed080000,0x00000000ed510478,0x00000000ed580000)
  to   space 5120K, 0% used [0x00000000ecb80000,0x00000000ecb80000,0x00000000ed080000)
 ParOldGen       total 60416K, used 2894K [0x00000000c0000000, 0x00000000c3b00000, 0x00000000eab00000)
  object space 60416K, 4% used [0x00000000c0000000,0x00000000c02d3938,0x00000000c3b00000)
 Metaspace       used 6062K, capacity 6896K, committed 7040K, reserved 1058816K
  class space    used 588K, capacity 616K, committed 640K, reserved 1048576K
}
Event: 1.319 GC heap before
{Heap before GC invocations=4 (full 1):
 PSYoungGen      total 38400K, used 37953K [0x00000000eab00000, 0x00000000edd80000, 0x0000000100000000)
  eden space 33280K, 100% used [0x00000000eab00000,0x00000000ecb80000,0x00000000ecb80000)
  from space 5120K, 91% used [0x00000000ed080000,0x00000000ed510478,0x00000000ed580000)
  to   space 5120K, 0% used [0x00000000ecb80000,0x00000000ecb80000,0x00000000ed080000)
 ParOldGen       total 60416K, used 2894K [0x00000000c0000000, 0x00000000c3b00000, 0x00000000eab00000)
  object space 60416K, 4% used [0x00000000c0000000,0x00000000c02d3938,0x00000000c3b00000)
 Metaspace       used 6218K, capacity 7024K, committed 7296K, reserved 1058816K
  class space    used 589K, capacity 616K, committed 640K, reserved 1048576K
Event: 1.356 GC heap after
Heap after GC invocations=4 (full 1):
 PSYoungGen      total 38400K, used 5097K [0x00000000eab00000, 0x00000000ee700000, 0x0000000100000000)
  eden space 33280K, 0% used [0x00000000eab00000,0x00000000eab00000,0x00000000ecb80000)
  from space 5120K, 99% used [0x00000000ecb80000,0x00000000ed07a610,0x00000000ed080000)
  to   space 5120K, 0% used [0x00000000ee200000,0x00000000ee200000,0x00000000ee700000)
 ParOldGen       total 60416K, used 7012K [0x00000000c0000000, 0x00000000c3b00000, 0x00000000eab00000)
  object space 60416K, 11% used [0x00000000c0000000,0x00000000c06d91c8,0x00000000c3b00000)
 Metaspace       used 6218K, capacity 7024K, committed 7296K, reserved 1058816K
  class space    used 589K, capacity 616K, committed 640K, reserved 1048576K
}

Deoptimization events (10 events):
Event: 0.725 Thread 0x0000000017a11800 Uncommon trap: reason=unstable_if action=reinterpret pc=0x0000000002f5f204 method=java.util.HashMap.getNode(ILjava/lang/Object;)Ljava/util/HashMap$Node; @ 62
Event: 0.768 Thread 0x0000000002b1d800 Uncommon trap: reason=unstable_if action=reinterpret pc=0x0000000002f749b4 method=java.util.BitSet.ensureCapacity(I)V @ 6
Event: 0.941 Thread 0x0000000017ad6000 Uncommon trap: reason=null_check action=make_not_entrant pc=0x000000000301bc80 method=com.android.dx.ssa.SsaRenamer.getLocalForNewReg(I)Lcom/android/dx/rop/code/LocalItem; @ 19
Event: 0.946 Thread 0x0000000017a11800 Uncommon trap: reason=bimorphic action=maybe_recompile pc=0x0000000002f76418 method=java.util.HashMap.getNode(ILjava/lang/Object;)Ljava/util/HashMap$Node; @ 126
Event: 0.954 Thread 0x0000000018484800 Uncommon trap: reason=null_check action=make_not_entrant pc=0x0000000002fc03e8 method=com.android.dx.rop.type.Type.equals(Ljava/lang/Object;)Z @ 8
Event: 0.956 Thread 0x0000000018484800 Uncommon trap: reason=unstable_if action=reinterpret pc=0x0000000002fd6000 method=com.android.dx.rop.code.RegisterSpec.equals(ILcom/android/dx/rop/type/TypeBearer;Lcom/android/dx/rop/code/LocalItem;)Z @ 42
Event: 1.093 Thread 0x0000000018484800 Uncommon trap: reason=unstable_if action=reinterpret pc=0x0000000002fe80dc method=com.android.dx.rop.cst.Constant.compareTo(Lcom/android/dx/rop/cst/Constant;)I @ 12
Event: 1.126 Thread 0x0000000018484800 Uncommon trap: reason=unstable_if action=reinterpret pc=0x00000000031c1078 method=com.android.dx.ssa.SCCP.simulateStmt(Lcom/android/dx/ssa/SsaInsn;)V @ 53
Event: 1.134 Thread 0x0000000018484800 Uncommon trap: reason=unstable_if action=reinterpret pc=0x00000000030b38e4 method=com.android.dx.rop.code.LocalItem.compareHandlesNulls(Lcom/android/dx/rop/cst/CstString;Lcom/android/dx/rop/cst/CstString;)I @ 8
Event: 1.265 Thread 0x0000000017a67800 Uncommon trap: reason=unstable_if action=reinterpret pc=0x00000000030d05b0 method=java.util.HashMap.putVal(ILjava/lang/Object;Ljava/lang/Object;ZZ)Ljava/lang/Object; @ 94

Classes redefined (0 events):
No events

Internal exceptions (5 events):
Event: 0.066 Thread 0x0000000002b1d800 Exception <a 'java/lang/NoSuchMethodError': Method sun.misc.Unsafe.defineClass(Ljava/lang/String;[BII)Ljava/lang/Class; name or signature does not match> (0x00000000eab07ca8) thrown at [D:\src\AOSP-openjdk-cygwin\jdk8u\hotspot\src\share\vm\prims\jni.cpp, 
Event: 0.066 Thread 0x0000000002b1d800 Exception <a 'java/lang/NoSuchMethodError': Method sun.misc.Unsafe.prefetchRead(Ljava/lang/Object;J)V name or signature does not match> (0x00000000eab07f90) thrown at [D:\src\AOSP-openjdk-cygwin\jdk8u\hotspot\src\share\vm\prims\jni.cpp, line 4011]
Event: 0.941 Thread 0x0000000017ad6000 Implicit null exception at 0x0000000003019817 to 0x000000000301bc35
Event: 0.954 Thread 0x0000000018484800 Implicit null exception at 0x0000000002fc02e2 to 0x0000000002fc03da
Event: 1.134 Thread 0x0000000018484800 Implicit null exception at 0x00000000030b371e to 0x00000000030b38d1

Events (10 events):
Event: 1.251 Thread 0x0000000017ad6000 DEOPT UNPACKING pc=0x0000000002d675d0 sp=0x0000000018d6e818 mode 0
Event: 1.265 Thread 0x0000000017a67800 Uncommon trap: trap_request=0xffffff65 fr.pc=0x00000000030d05b0
Event: 1.265 Thread 0x0000000017a67800 DEOPT PACKING pc=0x00000000030d05b0 sp=0x000000001906ebf0
Event: 1.265 Thread 0x0000000017a67800 DEOPT UNPACKING pc=0x0000000002d6557b sp=0x000000001906eb70 mode 2
Event: 1.305 Thread 0x0000000017a11800 DEOPT PACKING pc=0x000000000310b22a sp=0x0000000018f6e610
Event: 1.305 Thread 0x0000000017a11800 DEOPT UNPACKING pc=0x0000000002d675d0 sp=0x0000000018f6e3d8 mode 0
Event: 1.309 Executing VM operation: ParallelGCFailedAllocation
Event: 1.356 Executing VM operation: ParallelGCFailedAllocation done
Event: 1.382 Thread 0x0000000017ad6000 DEOPT PACKING pc=0x000000000310b22a sp=0x0000000018d6eb30
Event: 1.382 Thread 0x0000000017ad6000 DEOPT UNPACKING pc=0x0000000002d675d0 sp=0x0000000018d6e8f8 mode 0


Dynamic libraries:
0x00007ff735980000 - 0x00007ff7359b1000 	C:\Android\Android Studio\jre\bin\java.exe
0x00007ffdf9490000 - 0x00007ffdf9671000 	C:\WINDOWS\SYSTEM32\ntdll.dll
0x00007ffdf8740000 - 0x00007ffdf87f2000 	C:\WINDOWS\System32\KERNEL32.DLL
0x00007ffdf6490000 - 0x00007ffdf6703000 	C:\WINDOWS\System32\KERNELBASE.dll
0x00007ffdf8b60000 - 0x00007ffdf8c01000 	C:\WINDOWS\System32\ADVAPI32.dll
0x00007ffdf6ac0000 - 0x00007ffdf6b5e000 	C:\WINDOWS\System32\msvcrt.dll
0x00007ffdf8580000 - 0x00007ffdf85db000 	C:\WINDOWS\System32\sechost.dll
0x00007ffdf9280000 - 0x00007ffdf93a4000 	C:\WINDOWS\System32\RPCRT4.dll
0x00007ffdf8960000 - 0x00007ffdf8af0000 	C:\WINDOWS\System32\USER32.dll
0x00007ffdf6710000 - 0x00007ffdf6730000 	C:\WINDOWS\System32\win32u.dll
0x00007ffdf9190000 - 0x00007ffdf91b8000 	C:\WINDOWS\System32\GDI32.dll
0x00007ffdf62f0000 - 0x00007ffdf6482000 	C:\WINDOWS\System32\gdi32full.dll
0x00007ffdf6150000 - 0x00007ffdf61ef000 	C:\WINDOWS\System32\msvcp_win.dll
0x00007ffdf61f0000 - 0x00007ffdf62ea000 	C:\WINDOWS\System32\ucrtbase.dll
0x00007ffdeb320000 - 0x00007ffdeb589000 	C:\WINDOWS\WinSxS\amd64_microsoft.windows.common-controls_6595b64144ccf1df_6.0.17134.228_none_fb4599993062b194\COMCTL32.dll
0x00007ffdf8cb0000 - 0x00007ffdf8fd3000 	C:\WINDOWS\System32\combase.dll
0x00007ffdf5960000 - 0x00007ffdf59da000 	C:\WINDOWS\System32\bcryptPrimitives.dll
0x00007ffdf9430000 - 0x00007ffdf945d000 	C:\WINDOWS\System32\IMM32.DLL
0x000000006ac60000 - 0x000000006ad32000 	C:\Android\Android Studio\jre\jre\bin\msvcr100.dll
0x0000000068d60000 - 0x000000006959f000 	C:\Android\Android Studio\jre\jre\bin\server\jvm.dll
0x00007ffdf8800000 - 0x00007ffdf8808000 	C:\WINDOWS\System32\PSAPI.DLL
0x00007ffde9910000 - 0x00007ffde9919000 	C:\WINDOWS\SYSTEM32\WSOCK32.dll
0x00007ffdf8af0000 - 0x00007ffdf8b5c000 	C:\WINDOWS\System32\WS2_32.dll
0x00007ffded770000 - 0x00007ffded793000 	C:\WINDOWS\SYSTEM32\WINMM.dll
0x00007ffdebad0000 - 0x00007ffdebada000 	C:\WINDOWS\SYSTEM32\VERSION.dll
0x00007ffded740000 - 0x00007ffded76a000 	C:\WINDOWS\SYSTEM32\WINMMBASE.dll
0x00007ffdf5910000 - 0x00007ffdf5959000 	C:\WINDOWS\System32\cfgmgr32.dll
0x00007ffdf2ac0000 - 0x00007ffdf2acf000 	C:\Android\Android Studio\jre\jre\bin\verify.dll
0x00007ffdf1870000 - 0x00007ffdf1899000 	C:\Android\Android Studio\jre\jre\bin\java.dll
0x00007ffdf1850000 - 0x00007ffdf1866000 	C:\Android\Android Studio\jre\jre\bin\zip.dll
0x00007ffdf7140000 - 0x00007ffdf8580000 	C:\WINDOWS\System32\SHELL32.dll
0x00007ffdf91d0000 - 0x00007ffdf9279000 	C:\WINDOWS\System32\shcore.dll
0x00007ffdf59e0000 - 0x00007ffdf60ed000 	C:\WINDOWS\System32\windows.storage.dll
0x00007ffdf9040000 - 0x00007ffdf9091000 	C:\WINDOWS\System32\shlwapi.dll
0x00007ffdf5830000 - 0x00007ffdf5841000 	C:\WINDOWS\System32\kernel.appcore.dll
0x00007ffdf57c0000 - 0x00007ffdf57df000 	C:\WINDOWS\System32\profapi.dll
0x00007ffdf57e0000 - 0x00007ffdf582c000 	C:\WINDOWS\System32\powrprof.dll
0x00007ffdf5850000 - 0x00007ffdf585a000 	C:\WINDOWS\System32\FLTLIB.DLL

VM Arguments:
jvm_args: -Djava.awt.headless=true -Xmx1024M -Dfile.encoding=GBK -Duser.country=CN -Duser.language=zh -Duser.variant 
java_command: com.android.dx.command.Main --dex --num-threads=4 --output C:\Android\workspace\MyApp\app\build\intermediates\pre-dexed\debug\okhttp-2.6.0_14691647e2ed2810d93387d17d2e8e13f506ed7b.jar C:\Android\workspace\MyApp\app\libs\okhttp-2.6.0.jar
java_class_path (initial): C:\Android\sdk\build-tools\25.0.0\lib\dx.jar
Launcher Type: SUN_STANDARD

Environment Variables:
JAVA_HOME=C:\Program Files\Java\jdk1.8.0_20
CLASSPATH=.;C:\Program Files\Java\jdk1.8.0_20\lib\dt.jar;C:\Program Files\Java\jdk1.8.0_20\lib\tools.jar;
PATH=C:\Program Files (x86)\Common Files\Oracle\Java\javapath;C:\ProgramData\Oracle\Java\javapath;C:\WINDOWS\system32;C:\WINDOWS;C:\WINDOWS\System32\Wbem;C:\WINDOWS\System32\WindowsPowerShell\v1.0\;C:\Program Files\Java\jdk1.8.0_20\bin;C:\Program Files\Java\jdk1.8.0_20\jre\bin;C:\Program Files\Git\cmd;C:\WINDOWS\System32\OpenSSH\;C:\Users\Åôì÷\AppData\Local\Microsoft\WindowsApps;
USERNAME=Åôì÷
OS=Windows_NT
PROCESSOR_IDENTIFIER=Intel64 Family 6 Model 60 Stepping 3, GenuineIntel



---------------  S Y S T E M  ---------------

OS: Windows 10.0 , 64 bit Build 17134 (10.0.17134.1)

CPU:total 8 (initial active 8) (4 cores per cpu, 2 threads per core) family 6 model 60 stepping 3, cmov, cx8, fxsr, mmx, sse, sse2, sse3, ssse3, sse4.1, sse4.2, popcnt, avx, avx2, aes, clmul, erms, lzcnt, ht, tsc, tscinvbit, bmi1, bmi2

Memory: 4k page, physical 8312856k(1559000k free), swap 10410008k(3204k free)

vm_info: OpenJDK 64-Bit Server VM (25.152-b02) for windows-amd64 JRE (1.8.0_152-release-1024-b02), built by "builder" with MS VC++ 10.0 (VS2010)

time: Fri Aug 24 17:11:36 2018
elapsed time: 1 seconds (0d 0h 0m 1s)

